#
# There is insufficient memory for the Java Runtime Environment to continue.
# Native memory allocation (mmap) failed to map 257949696 bytes for G1 virtual space
# Possible reasons:
#   The system is out of physical RAM or swap space
#   The process is running with CompressedOops enabled, and the Java Heap may be blocking the growth of the native heap
# Possible solutions:
#   Reduce memory load on the system
#   Increase physical memory or swap space
#   Check if swap backing store is full
#   Decrease Java heap size (-Xmx/-Xms)
#   Decrease number of Java threads
#   Decrease Java thread stack sizes (-Xss)
#   Set larger code cache with -XX:ReservedCodeCacheSize=
#   JVM is running with Zero Based Compressed Oops mode in which the Java heap is
#     placed in the first 32GB address space. The Java Heap base address is the
#     maximum limit for the native heap growth. Please use -XX:HeapBaseMinAddress
#     to set the Java Heap base and to place the Java Heap above 32GB virtual address.
# This output file may be truncated or incomplete.
#
#  Out of Memory Error (os_windows.cpp:3548), pid=11228, tid=11068
#
# JRE version:  (17.0.12+8) (build )
# Java VM: Java HotSpot(TM) 64-Bit Server VM (17.0.12+8-LTS-286, mixed mode, sharing, tiered, compressed oops, compressed class ptrs, g1 gc, windows-amd64)
# No core dump will be written. Minidumps are not enabled by default on client versions of Windows
#

---------------  S U M M A R Y ------------

Command Line: testconexion.TestConexion

Host: AMD Ryzen 5 5600G with Radeon Graphics         , 12 cores, 15G,  Windows 11 , 64 bit Build 26100 (10.0.26100.7920)
Time: Wed Mar 25 13:02:23 2026 Hora est嫕dar de Argentina elapsed time: 1.055603 seconds (0d 0h 0m 1s)

---------------  T H R E A D  ---------------

Current thread (0x000001e9e4829e50):  JavaThread "Unknown thread" [_thread_in_vm, id=11068, stack(0x0000006dda500000,0x0000006dda600000)]

Stack: [0x0000006dda500000,0x0000006dda600000]
Native frames: (J=compiled Java code, j=interpreted, Vv=VM code, C=native code)
V  [jvm.dll+0x67a04a]
V  [jvm.dll+0x7da4ed]
V  [jvm.dll+0x7dbe33]
V  [jvm.dll+0x7dc4a3]
V  [jvm.dll+0x24508f]
V  [jvm.dll+0x677089]
V  [jvm.dll+0x66bd32]
V  [jvm.dll+0x301fa6]
V  [jvm.dll+0x309546]
V  [jvm.dll+0x359d2e]
V  [jvm.dll+0x359f5f]
V  [jvm.dll+0x2d9078]
V  [jvm.dll+0x2d9fe4]
V  [jvm.dll+0x7aca21]
V  [jvm.dll+0x367591]
V  [jvm.dll+0x78b999]
V  [jvm.dll+0x3ec83f]
V  [jvm.dll+0x3ee471]
C  [jli.dll+0x5297]
C  [ucrtbase.dll+0x37b0]
C  [KERNEL32.DLL+0x2e8d7]
C  [ntdll.dll+0x8c48c]


---------------  P R O C E S S  ---------------

Threads class SMR info:
_java_thread_list=0x00007ffd97597a18, length=0, elements={
}

Java Threads: ( => current thread )

Other Threads:
  0x000001e9e4bad9a0 GCTaskThread "GC Thread#0" [stack: 0x0000006dda600000,0x0000006dda700000] [id=13452]
  0x000001e9e4bbeac0 ConcurrentGCThread "G1 Main Marker" [stack: 0x0000006dda700000,0x0000006dda800000] [id=6872]
  0x000001e9e4bbfb70 ConcurrentGCThread "G1 Conc#0" [stack: 0x0000006dda800000,0x0000006dda900000] [id=10868]

[error occurred during error reporting (printing all threads), id 0xc0000005, EXCEPTION_ACCESS_VIOLATION (0xc0000005) at pc=0x00007ffd96dc9b67]

VM state: not at safepoint (not fully initialized)

VM Mutex/Monitor currently owned by a thread:  ([mutex/lock_event])
[0x000001e9e4b42e20] Heap_lock - owner thread: 0x000001e9e4829e50

Heap address: 0x000000070a000000, size: 3936 MB, Compressed Oops mode: Zero based, Oop shift amount: 3

CDS archive(s) mapped at: [0x0000000000000000-0x0000000000000000-0x0000000000000000), size 0, SharedBaseAddress: 0x0000000800000000, ArchiveRelocationMode: 1.
Narrow klass base: 0x0000000000000000, Narrow klass shift: 0, Narrow klass range: 0x0

GC Precious Log:
<Empty>

Heap:
 garbage-first heap   total 0K, used 0K [0x000000070a000000, 0x0000000800000000)
  region size 2048K, 0 young (0K), 0 survivors (0K)

[error occurred during error reporting (printing heap information), id 0xc0000005, EXCEPTION_ACCESS_VIOLATION (0xc0000005) at pc=0x00007ffd971b3859]

GC Heap History (0 events):
No events

Deoptimization events (0 events):
No events

Classes unloaded (0 events):
No events

Classes redefined (0 events):
No events

Internal exceptions (0 events):
No events

VM Operations (0 events):
No events

Events (1 events):
Event: 0.005 Loaded shared library C:\Program Files\Java\jdk-17\bin\java.dll


Dynamic libraries:
0x00007ff738190000 - 0x00007ff7381a0000 	C:\Program Files\Java\jdk-17\bin\java.exe
0x00007ffe31940000 - 0x00007ffe31ba7000 	C:\WINDOWS\SYSTEM32\ntdll.dll
0x00007ffe30690000 - 0x00007ffe30759000 	C:\WINDOWS\System32\KERNEL32.DLL
0x00007ffe2f070000 - 0x00007ffe2f461000 	C:\WINDOWS\System32\KERNELBASE.dll
0x00007ffe2ef20000 - 0x00007ffe2f06b000 	C:\WINDOWS\System32\ucrtbase.dll
0x00007ffe27c20000 - 0x00007ffe27c39000 	C:\Program Files\Java\jdk-17\bin\jli.dll
0x00007ffe29b90000 - 0x00007ffe29bab000 	C:\Program Files\Java\jdk-17\bin\VCRUNTIME140.dll
0x00007ffe30940000 - 0x00007ffe309fb000 	C:\WINDOWS\System32\ADVAPI32.dll
0x00007ffe310e0000 - 0x00007ffe31189000 	C:\WINDOWS\System32\msvcrt.dll
0x00007ffe30b00000 - 0x00007ffe30ba7000 	C:\WINDOWS\System32\sechost.dll
0x00007ffe30570000 - 0x00007ffe30688000 	C:\WINDOWS\System32\RPCRT4.dll
0x00007ffe30180000 - 0x00007ffe30345000 	C:\WINDOWS\System32\USER32.dll
0x00007ffe2e2e0000 - 0x00007ffe2e307000 	C:\WINDOWS\System32\win32u.dll
0x00007ffe1ead0000 - 0x00007ffe1ed63000 	C:\WINDOWS\WinSxS\amd64_microsoft.windows.common-controls_6595b64144ccf1df_6.0.26100.8037_none_3e092faae333b53b\COMCTL32.dll
0x00007ffe30150000 - 0x00007ffe3017b000 	C:\WINDOWS\System32\GDI32.dll
0x00007ffe2f470000 - 0x00007ffe2f59b000 	C:\WINDOWS\System32\gdi32full.dll
0x00007ffe2f5a0000 - 0x00007ffe2f643000 	C:\WINDOWS\System32\msvcp_win.dll
0x00007ffe26240000 - 0x00007ffe2624b000 	C:\WINDOWS\SYSTEM32\VERSION.dll
0x00007ffe2f990000 - 0x00007ffe2f9c1000 	C:\WINDOWS\System32\IMM32.DLL
0x00007ffe29b80000 - 0x00007ffe29b8c000 	C:\Program Files\Java\jdk-17\bin\vcruntime140_1.dll
0x00007ffd9efc0000 - 0x00007ffd9f04e000 	C:\Program Files\Java\jdk-17\bin\msvcp140.dll
0x00007ffd96ae0000 - 0x00007ffd976c0000 	C:\Program Files\Java\jdk-17\bin\server\jvm.dll
0x00007ffe2f980000 - 0x00007ffe2f988000 	C:\WINDOWS\System32\PSAPI.DLL
0x00007ffe26120000 - 0x00007ffe2612a000 	C:\WINDOWS\SYSTEM32\WSOCK32.dll
0x00007ffe26200000 - 0x00007ffe26235000 	C:\WINDOWS\SYSTEM32\WINMM.dll
0x00007ffe30760000 - 0x00007ffe307d4000 	C:\WINDOWS\System32\WS2_32.dll
0x00007ffe2cfb0000 - 0x00007ffe2cfcb000 	C:\WINDOWS\SYSTEM32\kernel.appcore.dll
0x00007ffe29b70000 - 0x00007ffe29b7a000 	C:\Program Files\Java\jdk-17\bin\jimage.dll
0x00007ffe2c2b0000 - 0x00007ffe2c4f2000 	C:\WINDOWS\SYSTEM32\DBGHELP.DLL
0x00007ffe30d50000 - 0x00007ffe310d2000 	C:\WINDOWS\System32\combase.dll
0x00007ffe30480000 - 0x00007ffe30557000 	C:\WINDOWS\System32\OLEAUT32.dll
0x00007ffe1ca80000 - 0x00007ffe1cabb000 	C:\WINDOWS\SYSTEM32\dbgcore.DLL
0x00007ffe2e310000 - 0x00007ffe2e3b5000 	C:\WINDOWS\System32\bcryptPrimitives.dll
0x00007ffe27b20000 - 0x00007ffe27b45000 	C:\Program Files\Java\jdk-17\bin\java.dll

dbghelp: loaded successfully - version: 4.0.5 - missing functions: none
symbol engine: initialized successfully - sym options: 0x614 - pdb path: .;C:\Program Files\Java\jdk-17\bin;C:\WINDOWS\SYSTEM32;C:\WINDOWS\WinSxS\amd64_microsoft.windows.common-controls_6595b64144ccf1df_6.0.26100.8037_none_3e092faae333b53b;C:\Program Files\Java\jdk-17\bin\server

VM Arguments:
java_command: testconexion.TestConexion
java_class_path (initial): C:\Users\user\Desktop\trabajo de alcides\facturacion-main(1)\facturacion-main\target\classes;C:\Users\user\.m2\repository\org\apache\poi\poi\5.2.3\poi-5.2.3.jar;C:\Users\user\.m2\repository\commons-codec\commons-codec\1.15\commons-codec-1.15.jar;C:\Users\user\.m2\repository\org\apache\commons\commons-collections4\4.4\commons-collections4-4.4.jar;C:\Users\user\.m2\repository\org\apache\commons\commons-math3\3.6.1\commons-math3-3.6.1.jar;C:\Users\user\.m2\repository\commons-io\commons-io\2.11.0\commons-io-2.11.0.jar;C:\Users\user\.m2\repository\com\zaxxer\SparseBitSet\1.2\SparseBitSet-1.2.jar;C:\Users\user\.m2\repository\org\apache\poi\poi-ooxml\5.2.3\poi-ooxml-5.2.3.jar;C:\Users\user\.m2\repository\org\apache\poi\poi-ooxml-lite\5.2.3\poi-ooxml-lite-5.2.3.jar;C:\Users\user\.m2\repository\org\apache\xmlbeans\xmlbeans\5.1.1\xmlbeans-5.1.1.jar;C:\Users\user\.m2\repository\org\apache\commons\commons-compress\1.21\commons-compress-1.21.jar;C:\Users\user\.m2\repository\com\github\virtuald\curvesapi\1.07\curvesapi-1.07.jar;C:\Users\user\.m2\repository\org\apache\logging\log4j\log4j-api\2.18.0\log4j-api-2.18.0.jar;C:\Users\user\.m2\repository\com\sun\mail\jakarta.mail\2.0.1\jakarta.mail-2.0.1.jar;C:\Users\user\.m2\repository\com\sun\activation\jakarta.activation\2.0.1\jakarta.activation-2.0.1.jar;C:\Users\user\.m2\repository\com\mysql\mysql-connector-j\8.3.0\mysql-connector-j-8.3.0.jar;C:\Users\user\.m2\repository\com\google\protobuf\protobuf-java\3.25.1\protobuf-java-3.25.1.jar;C:\Users\user\.m2\repository\org\xerial\sqlite-jdbc\3.45.3.0\sqlite-jdbc-3.45.3.0.jar;C:\Users\user\.m2\repository\org\slf4j\slf4j-api\1.7.36\slf4j-api-1.7.36.jar;C:\Users\user\.m2\repository\com\github\librepdf\openpdf\1.3.30\openpdf-1.3.30.jar;C:\Users\user\.m2\repository\com\google\code\findbugs\jsr305\3.0.2\jsr305-3.0.2.jar;C:\Users\user\.m2\repository\org\json\json\20180813\json-20180813.jar;C:\Users\user\.m2\repository\com\toedter\jcalendar\1.4\jcalendar-1.4.jar;C:\U
Launcher Type: SUN_STANDARD

[Global flags]
     intx CICompilerCount                          = 4                                         {product} {ergonomic}
     uint ConcGCThreads                            = 3                                         {product} {ergonomic}
     uint G1ConcRefinementThreads                  = 10                                        {product} {ergonomic}
   size_t G1HeapRegionSize                         = 2097152                                   {product} {ergonomic}
    uintx GCDrainStackTargetSize                   = 64                                        {product} {ergonomic}
   size_t InitialHeapSize                          = 257949696                                 {product} {ergonomic}
   size_t MarkStackSize                            = 4194304                                   {product} {ergonomic}
   size_t MaxHeapSize                              = 4127195136                                {product} {ergonomic}
   size_t MinHeapDeltaBytes                        = 2097152                                   {product} {ergonomic}
   size_t MinHeapSize                              = 8388608                                   {product} {ergonomic}
    uintx NonNMethodCodeHeapSize                   = 5839372                                {pd product} {ergonomic}
    uintx NonProfiledCodeHeapSize                  = 122909434                              {pd product} {ergonomic}
    uintx ProfiledCodeHeapSize                     = 122909434                              {pd product} {ergonomic}
    uintx ReservedCodeCacheSize                    = 251658240                              {pd product} {ergonomic}
     bool SegmentedCodeCache                       = true                                      {product} {ergonomic}
   size_t SoftMaxHeapSize                          = 4127195136                             {manageable} {ergonomic}
     bool UseCompressedClassPointers               = true                           {product lp64_product} {ergonomic}
     bool UseCompressedOops                        = true                           {product lp64_product} {ergonomic}
     bool UseG1GC                                  = true                                      {product} {ergonomic}
     bool UseLargePagesIndividualAllocation        = false                                  {pd product} {ergonomic}

Logging:
Log output configuration:
 #0: stdout all=warning uptime,level,tags
 #1: stderr all=off uptime,level,tags

Environment Variables:
JAVA_HOME=C:\Program Files\Java\jdk-17
PATH=C:\Program Files\Common Files\Oracle\Java\javapath;C:\ProgramData\Oracle\Java\javapath;C:\WINDOWS\system32;C:\WINDOWS;C:\WINDOWS\System32\Wbem;C:\WINDOWS\System32\WindowsPowerShell\v1.0\;C:\WINDOWS\System32\OpenSSH\;D:\instalaciones\Git\cmd;D:\instalaciones\node\;C:\Program Files\Java\apache-maven-3.9.4\bin;%JAVA HOME%\bin;C:\Program Files\Java\jdk1.8.0_111\bin;C:\Program Files\Java\jre-1.8\bin;C:\Program Files\dotnet\;D:\Instalaciones 2\XAMMP\php;C:\Users\user\AppData\Local\Microsoft\WindowsApps;D:\instalaciones\Microsoft VS Code\bin;C:\Users\user\AppData\Roaming\npm;C:\Users\user\AppData\Local\GitHubDesktop\bin;;C:\Program Files\Java\netbeans\bin\
USERNAME=user
OS=Windows_NT
PROCESSOR_IDENTIFIER=AMD64 Family 25 Model 80 Stepping 0, AuthenticAMD



---------------  S Y S T E M  ---------------

OS:
 Windows 11 , 64 bit Build 26100 (10.0.26100.7920)
OS uptime: 0 days 3:40 hours

CPU: total 12 (initial active 12) (12 cores per cpu, 2 threads per core) family 25 model 80 stepping 0 microcode 0xa50000d, cx8, cmov, fxsr, ht, mmx, 3dnowpref, sse, sse2, sse3, ssse3, sse4a, sse4.1, sse4.2, popcnt, lzcnt, tsc, tscinvbit, avx, avx2, aes, erms, clmul, bmi1, bmi2, adx, sha, fma, vzeroupper, clflush, clflushopt

Memory: 4k page, system-wide physical 15740M (8514M free)
TotalPageFile size 17788M (AvailPageFile size 69M)
current process WorkingSet (physical memory assigned to process): 12M, peak: 12M
current process commit charge ("private bytes"): 64M, peak: 310M

vm_info: Java HotSpot(TM) 64-Bit Server VM (17.0.12+8-LTS-286) for windows-amd64 JRE (17.0.12+8-LTS-286), built on Jun  5 2024 06:46:59 by "mach5one" with MS VC++ 17.6 (VS2022)

END.
