#
# There is insufficient memory for the Java Runtime Environment to continue.
# Native memory allocation (mmap) failed to map 257949696 bytes for G1 virtual space
# Possible reasons:
#   The system is out of physical RAM or swap space
#   The process is running with CompressedOops enabled, and the Java Heap may be blocking the growth of the native heap
# Possible solutions:
#   Reduce memory load on the system
#   Increase physical memory or swap space
#   Check if swap backing store is full
#   Decrease Java heap size (-Xmx/-Xms)
#   Decrease number of Java threads
#   Decrease Java thread stack sizes (-Xss)
#   Set larger code cache with -XX:ReservedCodeCacheSize=
#   JVM is running with Zero Based Compressed Oops mode in which the Java heap is
#     placed in the first 32GB address space. The Java Heap base address is the
#     maximum limit for the native heap growth. Please use -XX:HeapBaseMinAddress
#     to set the Java Heap base and to place the Java Heap above 32GB virtual address.
# This output file may be truncated or incomplete.
#
#  Out of Memory Error (os_windows.cpp:3548), pid=3140, tid=9296
#
# JRE version:  (17.0.12+8) (build )
# Java VM: Java HotSpot(TM) 64-Bit Server VM (17.0.12+8-LTS-286, mixed mode, sharing, tiered, compressed oops, compressed class ptrs, g1 gc, windows-amd64)
# No core dump will be written. Minidumps are not enabled by default on client versions of Windows
#

---------------  S U M M A R Y ------------

Command Line: --enable-native-access=ALL-UNNAMED 

Host: AMD Ryzen 5 5600G with Radeon Graphics         , 12 cores, 15G,  Windows 11 , 64 bit Build 26100 (10.0.26100.7920)
Time: Thu Mar 26 14:21:38 2026 Hora estándar de Argentina elapsed time: 0.007012 seconds (0d 0h 0m 0s)

---------------  T H R E A D  ---------------

Current thread (0x000001912357f8c0):  JavaThread "Unknown thread" [_thread_in_vm, id=9296, stack(0x0000006ec8d00000,0x0000006ec8e00000)]

Stack: [0x0000006ec8d00000,0x0000006ec8e00000]
Native frames: (J=compiled Java code, j=interpreted, Vv=VM code, C=native code)
V  [jvm.dll+0x67a04a]
V  [jvm.dll+0x7da4ed]
V  [jvm.dll+0x7dbe33]
V  [jvm.dll+0x7dc4a3]
V  [jvm.dll+0x24508f]
V  [jvm.dll+0x677089]
V  [jvm.dll+0x66bd32]
V  [jvm.dll+0x301fa6]
V  [jvm.dll+0x309546]
V  [jvm.dll+0x359d2e]
V  [jvm.dll+0x359f5f]
V  [jvm.dll+0x2d9078]
V  [jvm.dll+0x2d9fe4]
V  [jvm.dll+0x7aca21]
V  [jvm.dll+0x367591]
V  [jvm.dll+0x78b999]
V  [jvm.dll+0x3ec83f]
V  [jvm.dll+0x3ee471]
C  [jli.dll+0x5297]
C  [ucrtbase.dll+0x37b0]
C  [KERNEL32.DLL+0x2e8d7]
C  [ntdll.dll+0x8c48c]


---------------  P R O C E S S  ---------------

Threads class SMR info:
_java_thread_list=0x00007ffdae4f7a18, length=0, elements={
}

Java Threads: ( => current thread )

Other Threads:
  0x00000191235e82b0 GCTaskThread "GC Thread#0" [stack: 0x0000006ec8e00000,0x0000006ec8f00000] [id=18572]
  0x0000019123615750 ConcurrentGCThread "G1 Main Marker" [stack: 0x0000006ec8f00000,0x0000006ec9000000] [id=5712]
  0x0000019123616900 ConcurrentGCThread "G1 Conc#0" [stack: 0x0000006ec9000000,0x0000006ec9100000] [id=6368]

[error occurred during error reporting (printing all threads), id 0xc0000005, EXCEPTION_ACCESS_VIOLATION (0xc0000005) at pc=0x00007ffdadd29b67]

VM state: not at safepoint (not fully initialized)

VM Mutex/Monitor currently owned by a thread:  ([mutex/lock_event])
[0x000001912357bb90] Heap_lock - owner thread: 0x000001912357f8c0

Heap address: 0x000000070a000000, size: 3936 MB, Compressed Oops mode: Zero based, Oop shift amount: 3

CDS archive(s) mapped at: [0x0000000000000000-0x0000000000000000-0x0000000000000000), size 0, SharedBaseAddress: 0x0000000800000000, ArchiveRelocationMode: 1.
Narrow klass base: 0x0000000000000000, Narrow klass shift: 0, Narrow klass range: 0x0

GC Precious Log:
<Empty>

Heap:
 garbage-first heap   total 0K, used 0K [0x000000070a000000, 0x0000000800000000)
  region size 2048K, 0 young (0K), 0 survivors (0K)

[error occurred during error reporting (printing heap information), id 0xc0000005, EXCEPTION_ACCESS_VIOLATION (0xc0000005) at pc=0x00007ffdae113859]

GC Heap History (0 events):
No events

Deoptimization events (0 events):
No events

Classes unloaded (0 events):
No events

Classes redefined (0 events):
No events

Internal exceptions (0 events):
No events

VM Operations (0 events):
No events

Events (1 events):
Event: 0.004 Loaded shared library C:\Program Files\Java\jdk-17\bin\java.dll


Dynamic libraries:
0x00007ff71fd50000 - 0x00007ff71fd60000 	C:\Program Files\Java\jdk-17\bin\java.exe
0x00007ffe370a0000 - 0x00007ffe37307000 	C:\WINDOWS\SYSTEM32\ntdll.dll
0x00007ffe353d0000 - 0x00007ffe35499000 	C:\WINDOWS\System32\KERNEL32.DLL
0x00007ffe34990000 - 0x00007ffe34d81000 	C:\WINDOWS\System32\KERNELBASE.dll
0x00007ffe33ea0000 - 0x00007ffe33feb000 	C:\WINDOWS\System32\ucrtbase.dll
0x00007ffe1baa0000 - 0x00007ffe1bab9000 	C:\Program Files\Java\jdk-17\bin\jli.dll
0x00007ffe226b0000 - 0x00007ffe226cb000 	C:\Program Files\Java\jdk-17\bin\VCRUNTIME140.dll
0x00007ffe366a0000 - 0x00007ffe3675b000 	C:\WINDOWS\System32\ADVAPI32.dll
0x00007ffe369c0000 - 0x00007ffe36a69000 	C:\WINDOWS\System32\msvcrt.dll
0x00007ffe365f0000 - 0x00007ffe36697000 	C:\WINDOWS\System32\sechost.dll
0x00007ffe364d0000 - 0x00007ffe365e8000 	C:\WINDOWS\System32\RPCRT4.dll
0x00007ffe362f0000 - 0x00007ffe364b5000 	C:\WINDOWS\System32\USER32.dll
0x00007ffe33a30000 - 0x00007ffe33a57000 	C:\WINDOWS\System32\win32u.dll
0x00007ffe24fc0000 - 0x00007ffe25253000 	C:\WINDOWS\WinSxS\amd64_microsoft.windows.common-controls_6595b64144ccf1df_6.0.26100.8037_none_3e092faae333b53b\COMCTL32.dll
0x00007ffe367f0000 - 0x00007ffe3681b000 	C:\WINDOWS\System32\GDI32.dll
0x00007ffe34860000 - 0x00007ffe3498b000 	C:\WINDOWS\System32\gdi32full.dll
0x00007ffe33980000 - 0x00007ffe33a23000 	C:\WINDOWS\System32\msvcp_win.dll
0x00007ffe2d7f0000 - 0x00007ffe2d7fb000 	C:\WINDOWS\SYSTEM32\VERSION.dll
0x00007ffe35390000 - 0x00007ffe353c1000 	C:\WINDOWS\System32\IMM32.DLL
0x00007ffe261b0000 - 0x00007ffe261bc000 	C:\Program Files\Java\jdk-17\bin\vcruntime140_1.dll
0x00007ffe0d150000 - 0x00007ffe0d1de000 	C:\Program Files\Java\jdk-17\bin\msvcp140.dll
0x00007ffdada40000 - 0x00007ffdae620000 	C:\Program Files\Java\jdk-17\bin\server\jvm.dll
0x00007ffe367e0000 - 0x00007ffe367e8000 	C:\WINDOWS\System32\PSAPI.DLL
0x00007ffe2eb80000 - 0x00007ffe2eb8a000 	C:\WINDOWS\SYSTEM32\WSOCK32.dll
0x00007ffe2c660000 - 0x00007ffe2c695000 	C:\WINDOWS\SYSTEM32\WINMM.dll
0x00007ffe36760000 - 0x00007ffe367d4000 	C:\WINDOWS\System32\WS2_32.dll
0x00007ffe32620000 - 0x00007ffe3263b000 	C:\WINDOWS\SYSTEM32\kernel.appcore.dll
0x00007ffe25920000 - 0x00007ffe2592a000 	C:\Program Files\Java\jdk-17\bin\jimage.dll
0x00007ffe31b90000 - 0x00007ffe31dd2000 	C:\WINDOWS\SYSTEM32\DBGHELP.DLL
0x00007ffe36cd0000 - 0x00007ffe37052000 	C:\WINDOWS\System32\combase.dll
0x00007ffe35750000 - 0x00007ffe35827000 	C:\WINDOWS\System32\OLEAUT32.dll
0x00007ffe22b30000 - 0x00007ffe22b6b000 	C:\WINDOWS\SYSTEM32\dbgcore.DLL
0x00007ffe34d90000 - 0x00007ffe34e35000 	C:\WINDOWS\System32\bcryptPrimitives.dll
0x00007ffe1ac10000 - 0x00007ffe1ac35000 	C:\Program Files\Java\jdk-17\bin\java.dll

dbghelp: loaded successfully - version: 4.0.5 - missing functions: none
symbol engine: initialized successfully - sym options: 0x614 - pdb path: .;C:\Program Files\Java\jdk-17\bin;C:\WINDOWS\SYSTEM32;C:\WINDOWS\WinSxS\amd64_microsoft.windows.common-controls_6595b64144ccf1df_6.0.26100.8037_none_3e092faae333b53b;C:\Program Files\Java\jdk-17\bin\server

VM Arguments:
jvm_args: --enable-native-access=ALL-UNNAMED 
java_command: <unknown>
java_class_path (initial): <not set>
Launcher Type: SUN_STANDARD

[Global flags]
     intx CICompilerCount                          = 4                                         {product} {ergonomic}
     uint ConcGCThreads                            = 3                                         {product} {ergonomic}
     uint G1ConcRefinementThreads                  = 10                                        {product} {ergonomic}
   size_t G1HeapRegionSize                         = 2097152                                   {product} {ergonomic}
    uintx GCDrainStackTargetSize                   = 64                                        {product} {ergonomic}
   size_t InitialHeapSize                          = 257949696                                 {product} {ergonomic}
   size_t MarkStackSize                            = 4194304                                   {product} {ergonomic}
   size_t MaxHeapSize                              = 4127195136                                {product} {ergonomic}
   size_t MinHeapDeltaBytes                        = 2097152                                   {product} {ergonomic}
   size_t MinHeapSize                              = 8388608                                   {product} {ergonomic}
    uintx NonNMethodCodeHeapSize                   = 5839372                                {pd product} {ergonomic}
    uintx NonProfiledCodeHeapSize                  = 122909434                              {pd product} {ergonomic}
    uintx ProfiledCodeHeapSize                     = 122909434                              {pd product} {ergonomic}
    uintx ReservedCodeCacheSize                    = 251658240                              {pd product} {ergonomic}
     bool SegmentedCodeCache                       = true                                      {product} {ergonomic}
   size_t SoftMaxHeapSize                          = 4127195136                             {manageable} {ergonomic}
     bool UseCompressedClassPointers               = true                           {product lp64_product} {ergonomic}
     bool UseCompressedOops                        = true                           {product lp64_product} {ergonomic}
     bool UseG1GC                                  = true                                      {product} {ergonomic}
     bool UseLargePagesIndividualAllocation        = false                                  {pd product} {ergonomic}

Logging:
Log output configuration:
 #0: stdout all=warning uptime,level,tags
 #1: stderr all=off uptime,level,tags

Environment Variables:
JAVA_HOME=C:\Program Files\Java\jdk-17
PATH=C:\Program Files\Common Files\Oracle\Java\javapath;C:\ProgramData\Oracle\Java\javapath;C:\WINDOWS\system32;C:\WINDOWS;C:\WINDOWS\System32\Wbem;C:\WINDOWS\System32\WindowsPowerShell\v1.0\;C:\WINDOWS\System32\OpenSSH\;D:\instalaciones\Git\cmd;D:\instalaciones\node\;C:\Program Files\Java\apache-maven-3.9.4\bin;%JAVA HOME%\bin;C:\Program Files\Java\jdk1.8.0_111\bin;C:\Program Files\Java\jre-1.8\bin;C:\Program Files\dotnet\;D:\Instalaciones 2\XAMMP\php;C:\Users\user\AppData\Local\Microsoft\WindowsApps;D:\instalaciones\Microsoft VS Code\bin;C:\Users\user\AppData\Roaming\npm;C:\Users\user\AppData\Local\GitHubDesktop\bin;;C:\Program Files\Java\netbeans\bin\
USERNAME=user
OS=Windows_NT
PROCESSOR_IDENTIFIER=AMD64 Family 25 Model 80 Stepping 0, AuthenticAMD



---------------  S Y S T E M  ---------------

OS:
 Windows 11 , 64 bit Build 26100 (10.0.26100.7920)
OS uptime: 1 days 1:06 hours

CPU: total 12 (initial active 12) (12 cores per cpu, 2 threads per core) family 25 model 80 stepping 0 microcode 0xa50000d, cx8, cmov, fxsr, ht, mmx, 3dnowpref, sse, sse2, sse3, ssse3, sse4a, sse4.1, sse4.2, popcnt, lzcnt, tsc, tscinvbit, avx, avx2, aes, erms, clmul, bmi1, bmi2, adx, sha, fma, vzeroupper, clflush, clflushopt

Memory: 4k page, system-wide physical 15740M (7736M free)
TotalPageFile size 17741M (AvailPageFile size 91M)
current process WorkingSet (physical memory assigned to process): 12M, peak: 12M
current process commit charge ("private bytes"): 64M, peak: 310M

vm_info: Java HotSpot(TM) 64-Bit Server VM (17.0.12+8-LTS-286) for windows-amd64 JRE (17.0.12+8-LTS-286), built on Jun  5 2024 06:46:59 by "mach5one" with MS VC++ 17.6 (VS2022)

END.
