#
# There is insufficient memory for the Java Runtime Environment to continue.
# Native memory allocation (malloc) failed to allocate 32744 bytes for ChunkPool::allocate
# Possible reasons:
#   The system is out of physical RAM or swap space
#   The process is running with CompressedOops enabled, and the Java Heap may be blocking the growth of the native heap
# Possible solutions:
#   Reduce memory load on the system
#   Increase physical memory or swap space
#   Check if swap backing store is full
#   Decrease Java heap size (-Xmx/-Xms)
#   Decrease number of Java threads
#   Decrease Java thread stack sizes (-Xss)
#   Set larger code cache with -XX:ReservedCodeCacheSize=
#   JVM is running with Zero Based Compressed Oops mode in which the Java heap is
#     placed in the first 32GB address space. The Java Heap base address is the
#     maximum limit for the native heap growth. Please use -XX:HeapBaseMinAddress
#     to set the Java Heap base and to place the Java Heap above 32GB virtual address.
# This output file may be truncated or incomplete.
#
#  Out of Memory Error (arena.cpp:78), pid=13252, tid=11284
#
# JRE version: Java(TM) SE Runtime Environment (17.0.12+8) (build 17.0.12+8-LTS-286)
# Java VM: Java HotSpot(TM) 64-Bit Server VM (17.0.12+8-LTS-286, mixed mode, sharing, tiered, compressed oops, compressed class ptrs, g1 gc, windows-amd64)
# No core dump will be written. Minidumps are not enabled by default on client versions of Windows
#

---------------  S U M M A R Y ------------

Command Line: DAO.main

Host: AMD Ryzen 5 5600G with Radeon Graphics         , 12 cores, 15G,  Windows 11 , 64 bit Build 26100 (10.0.26100.7920)
Time: Sat Mar 28 11:52:12 2026 Hora est嫕dar de Argentina elapsed time: 551.760186 seconds (0d 0h 9m 11s)

---------------  T H R E A D  ---------------

Current thread (0x000001a965582530):  JavaThread "C1 CompilerThread0" daemon [_thread_in_native, id=11284, stack(0x0000007937f00000,0x0000007938000000)]


Current CompileTask:
C1: 551760 1987       3       java.io.WinNTFileSystem::resolve (275 bytes)

Stack: [0x0000007937f00000,0x0000007938000000]
Native frames: (J=compiled Java code, j=interpreted, Vv=VM code, C=native code)
V  [jvm.dll+0x67a04a]
V  [jvm.dll+0x7da4ed]
V  [jvm.dll+0x7dbe33]
V  [jvm.dll+0x7dc4a3]
V  [jvm.dll+0x24508f]
V  [jvm.dll+0xab9a4]
V  [jvm.dll+0xabd3c]
V  [jvm.dll+0x175ad3]
V  [jvm.dll+0x175b9e]
V  [jvm.dll+0x17836f]
V  [jvm.dll+0x179cc1]
V  [jvm.dll+0x135633]
V  [jvm.dll+0x134eff]
V  [jvm.dll+0x135148]
V  [jvm.dll+0x1345d1]
V  [jvm.dll+0x1362bd]
V  [jvm.dll+0x22610b]
V  [jvm.dll+0x2242ab]
V  [jvm.dll+0x79075c]
V  [jvm.dll+0x78abea]
V  [jvm.dll+0x678f35]
C  [ucrtbase.dll+0x37b0]
C  [KERNEL32.DLL+0x2e8d7]
C  [ntdll.dll+0x8c48c]


---------------  P R O C E S S  ---------------

Threads class SMR info:
_java_thread_list=0x000001a965c24170, length=19, elements={
0x000001a965550ff0, 0x000001a9655519b0, 0x000001a96556be40, 0x000001a96556c710,
0x000001a96556d0d0, 0x000001a96556da90, 0x000001a965571760, 0x000001a965582530,
0x000001a96558bb90, 0x000001a965c9d720, 0x000001a965c2d720, 0x000001a965e79800,
0x000001a9ab3f2cf0, 0x000001a9ab3f9940, 0x000001a9ab414ce0, 0x000001a9ab85e340,
0x000001a9ab8a4bf0, 0x000001a9ab8a41d0, 0x000001a9ab8a2d90
}

Java Threads: ( => current thread )
  0x000001a965550ff0 JavaThread "Reference Handler" daemon [_thread_blocked, id=15280, stack(0x0000007937800000,0x0000007937900000)]
  0x000001a9655519b0 JavaThread "Finalizer" daemon [_thread_blocked, id=16504, stack(0x0000007937900000,0x0000007937a00000)]
  0x000001a96556be40 JavaThread "Signal Dispatcher" daemon [_thread_blocked, id=11900, stack(0x0000007937a00000,0x0000007937b00000)]
  0x000001a96556c710 JavaThread "Attach Listener" daemon [_thread_blocked, id=16480, stack(0x0000007937b00000,0x0000007937c00000)]
  0x000001a96556d0d0 JavaThread "Service Thread" daemon [_thread_blocked, id=2068, stack(0x0000007937c00000,0x0000007937d00000)]
  0x000001a96556da90 JavaThread "Monitor Deflation Thread" daemon [_thread_blocked, id=11256, stack(0x0000007937d00000,0x0000007937e00000)]
  0x000001a965571760 JavaThread "C2 CompilerThread0" daemon [_thread_blocked, id=9264, stack(0x0000007937e00000,0x0000007937f00000)]
=>0x000001a965582530 JavaThread "C1 CompilerThread0" daemon [_thread_in_native, id=11284, stack(0x0000007937f00000,0x0000007938000000)]
  0x000001a96558bb90 JavaThread "Sweeper thread" daemon [_thread_blocked, id=11508, stack(0x0000007938000000,0x0000007938100000)]
  0x000001a965c9d720 JavaThread "Notification Thread" daemon [_thread_blocked, id=3260, stack(0x0000007938100000,0x0000007938200000)]
  0x000001a965c2d720 JavaThread "Common-Cleaner" daemon [_thread_blocked, id=9384, stack(0x0000007938300000,0x0000007938400000)]
  0x000001a965e79800 JavaThread "mysql-cj-abandoned-connection-cleanup" daemon [_thread_blocked, id=15876, stack(0x0000007938400000,0x0000007938500000)]
  0x000001a9ab3f2cf0 JavaThread "Java2D Disposer" daemon [_thread_blocked, id=14652, stack(0x0000007938500000,0x0000007938600000)]
  0x000001a9ab3f9940 JavaThread "AWT-Shutdown" [_thread_blocked, id=13296, stack(0x0000007938600000,0x0000007938700000)]
  0x000001a9ab414ce0 JavaThread "AWT-Windows" daemon [_thread_in_native, id=2780, stack(0x0000007938700000,0x0000007938800000)]
  0x000001a9ab85e340 JavaThread "TimerQueue" daemon [_thread_blocked, id=4860, stack(0x0000007939a00000,0x0000007939b00000)]
  0x000001a9ab8a4bf0 JavaThread "DestroyJavaVM" [_thread_blocked, id=9472, stack(0x0000007937100000,0x0000007937200000)]
  0x000001a9ab8a41d0 JavaThread "AWT-EventQueue-0" [_thread_blocked, id=10904, stack(0x0000007939c00000,0x0000007939d00000)]
  0x000001a9ab8a2d90 JavaThread "Image Fetcher 0" daemon [_thread_blocked, id=10156, stack(0x0000007936f00000,0x0000007937000000)]

Other Threads:
  0x000001a96554d650 VMThread "VM Thread" [stack: 0x0000007937700000,0x0000007937800000] [id=3468]
  0x000001a942ee1580 WatcherThread [stack: 0x0000007938200000,0x0000007938300000] [id=5332]
  0x000001a942ebca90 GCTaskThread "GC Thread#0" [stack: 0x0000007937200000,0x0000007937300000] [id=10192]
  0x000001a9b197d1f0 GCTaskThread "GC Thread#1" [stack: 0x0000007939b00000,0x0000007939c00000] [id=17780]
  0x000001a9b197d4b0 GCTaskThread "GC Thread#2" [stack: 0x0000007939d00000,0x0000007939e00000] [id=5504]
  0x000001a9b197d770 GCTaskThread "GC Thread#3" [stack: 0x0000007939e00000,0x0000007939f00000] [id=9496]
  0x000001a9b197da30 GCTaskThread "GC Thread#4" [stack: 0x0000007939f00000,0x000000793a000000] [id=15996]
  0x000001a9b19dd010 GCTaskThread "GC Thread#5" [stack: 0x000000793a000000,0x000000793a100000] [id=10144]
  0x000001a9ab84a730 GCTaskThread "GC Thread#6" [stack: 0x000000793a100000,0x000000793a200000] [id=6116]
  0x000001a9ab1f6e90 GCTaskThread "GC Thread#7" [stack: 0x000000793a200000,0x000000793a300000] [id=10424]
  0x000001a9b176ce40 GCTaskThread "GC Thread#8" [stack: 0x000000793a300000,0x000000793a400000] [id=7180]
  0x000001a9b176d100 GCTaskThread "GC Thread#9" [stack: 0x000000793a400000,0x000000793a500000] [id=11360]
  0x000001a942ecdcb0 ConcurrentGCThread "G1 Main Marker" [stack: 0x0000007937300000,0x0000007937400000] [id=10636]
  0x000001a942ed1d80 ConcurrentGCThread "G1 Conc#0" [stack: 0x0000007937400000,0x0000007937500000] [id=15864]
  0x000001a942f1d010 ConcurrentGCThread "G1 Refine#0" [stack: 0x0000007937500000,0x0000007937600000] [id=12776]
  0x000001a942f1e7f0 ConcurrentGCThread "G1 Service" [stack: 0x0000007937600000,0x0000007937700000] [id=13760]

Threads with active compile tasks:
C1 CompilerThread0   551780 1987       3       java.io.WinNTFileSystem::resolve (275 bytes)

VM state: not at safepoint (normal execution)

VM Mutex/Monitor currently owned by a thread: None

OutOfMemory and StackOverflow Exception counts:
OutOfMemoryError java_heap_errors=1
LinkageErrors=12

Heap address: 0x000000070a000000, size: 3936 MB, Compressed Oops mode: Zero based, Oop shift amount: 3

CDS archive(s) mapped at: [0x000001a966000000-0x000001a966bd0000-0x000001a966bd0000), size 12386304, SharedBaseAddress: 0x000001a966000000, ArchiveRelocationMode: 1.
Compressed class space mapped at: 0x000001a967000000-0x000001a9a7000000, reserved size: 1073741824
Narrow klass base: 0x000001a966000000, Narrow klass shift: 0, Narrow klass range: 0x100000000

GC Precious Log:
 CPUs: 12 total, 12 available
 Memory: 15740M
 Large Page Support: Disabled
 NUMA Support: Disabled
 Compressed Oops: Enabled (Zero based)
 Heap Region Size: 2M
 Heap Min Capacity: 8M
 Heap Initial Capacity: 246M
 Heap Max Capacity: 3936M
 Pre-touch: Disabled
 Parallel Workers: 10
 Concurrent Workers: 3
 Concurrent Refinement Workers: 10
 Periodic GC: Disabled

Heap:
 garbage-first heap   total 251904K, used 86132K [0x000000070a000000, 0x0000000800000000)
  region size 2048K, 41 young (83968K), 1 survivors (2048K)
 Metaspace       used 9088K, committed 9216K, reserved 1114112K
  class space    used 956K, committed 1024K, reserved 1048576K

Heap Regions: E=young(eden), S=young(survivor), O=old, HS=humongous(starts), HC=humongous(continues), CS=collection set, F=free, OA=open archive, CA=closed archive, TAMS=top-at-mark-start (previous, next)
|   0|0x000000070a000000, 0x000000070a200000, 0x000000070a200000|100%| O|  |TAMS 0x000000070a000000, 0x000000070a000000| Untracked 
|   1|0x000000070a200000, 0x000000070a400000, 0x000000070a400000|100%| O|  |TAMS 0x000000070a200000, 0x000000070a200000| Untracked 
|   2|0x000000070a400000, 0x000000070a5aea00, 0x000000070a600000| 84%| O|  |TAMS 0x000000070a400000, 0x000000070a400000| Untracked 
|   3|0x000000070a600000, 0x000000070a600000, 0x000000070a800000|  0%| F|  |TAMS 0x000000070a600000, 0x000000070a600000| Untracked 
|   4|0x000000070a800000, 0x000000070a800000, 0x000000070aa00000|  0%| F|  |TAMS 0x000000070a800000, 0x000000070a800000| Untracked 
|   5|0x000000070aa00000, 0x000000070aa00000, 0x000000070ac00000|  0%| F|  |TAMS 0x000000070aa00000, 0x000000070aa00000| Untracked 
|   6|0x000000070ac00000, 0x000000070ac00000, 0x000000070ae00000|  0%| F|  |TAMS 0x000000070ac00000, 0x000000070ac00000| Untracked 
|   7|0x000000070ae00000, 0x000000070ae00000, 0x000000070b000000|  0%| F|  |TAMS 0x000000070ae00000, 0x000000070ae00000| Untracked 
|   8|0x000000070b000000, 0x000000070b000000, 0x000000070b200000|  0%| F|  |TAMS 0x000000070b000000, 0x000000070b000000| Untracked 
|   9|0x000000070b200000, 0x000000070b200000, 0x000000070b400000|  0%| F|  |TAMS 0x000000070b200000, 0x000000070b200000| Untracked 
|  10|0x000000070b400000, 0x000000070b400000, 0x000000070b600000|  0%| F|  |TAMS 0x000000070b400000, 0x000000070b400000| Untracked 
|  11|0x000000070b600000, 0x000000070b600000, 0x000000070b800000|  0%| F|  |TAMS 0x000000070b600000, 0x000000070b600000| Untracked 
|  12|0x000000070b800000, 0x000000070b800000, 0x000000070ba00000|  0%| F|  |TAMS 0x000000070b800000, 0x000000070b800000| Untracked 
|  13|0x000000070ba00000, 0x000000070ba00000, 0x000000070bc00000|  0%| F|  |TAMS 0x000000070ba00000, 0x000000070ba00000| Untracked 
|  14|0x000000070bc00000, 0x000000070bc00000, 0x000000070be00000|  0%| F|  |TAMS 0x000000070bc00000, 0x000000070bc00000| Untracked 
|  15|0x000000070be00000, 0x000000070be00000, 0x000000070c000000|  0%| F|  |TAMS 0x000000070be00000, 0x000000070be00000| Untracked 
|  16|0x000000070c000000, 0x000000070c000000, 0x000000070c200000|  0%| F|  |TAMS 0x000000070c000000, 0x000000070c000000| Untracked 
|  17|0x000000070c200000, 0x000000070c200000, 0x000000070c400000|  0%| F|  |TAMS 0x000000070c200000, 0x000000070c200000| Untracked 
|  18|0x000000070c400000, 0x000000070c400000, 0x000000070c600000|  0%| F|  |TAMS 0x000000070c400000, 0x000000070c400000| Untracked 
|  19|0x000000070c600000, 0x000000070c600000, 0x000000070c800000|  0%| F|  |TAMS 0x000000070c600000, 0x000000070c600000| Untracked 
|  20|0x000000070c800000, 0x000000070c800000, 0x000000070ca00000|  0%| F|  |TAMS 0x000000070c800000, 0x000000070c800000| Untracked 
|  21|0x000000070ca00000, 0x000000070ca00000, 0x000000070cc00000|  0%| F|  |TAMS 0x000000070ca00000, 0x000000070ca00000| Untracked 
|  22|0x000000070cc00000, 0x000000070cc00000, 0x000000070ce00000|  0%| F|  |TAMS 0x000000070cc00000, 0x000000070cc00000| Untracked 
|  23|0x000000070ce00000, 0x000000070ce00000, 0x000000070d000000|  0%| F|  |TAMS 0x000000070ce00000, 0x000000070ce00000| Untracked 
|  24|0x000000070d000000, 0x000000070d000000, 0x000000070d200000|  0%| F|  |TAMS 0x000000070d000000, 0x000000070d000000| Untracked 
|  25|0x000000070d200000, 0x000000070d200000, 0x000000070d400000|  0%| F|  |TAMS 0x000000070d200000, 0x000000070d200000| Untracked 
|  26|0x000000070d400000, 0x000000070d400000, 0x000000070d600000|  0%| F|  |TAMS 0x000000070d400000, 0x000000070d400000| Untracked 
|  27|0x000000070d600000, 0x000000070d600000, 0x000000070d800000|  0%| F|  |TAMS 0x000000070d600000, 0x000000070d600000| Untracked 
|  28|0x000000070d800000, 0x000000070d800000, 0x000000070da00000|  0%| F|  |TAMS 0x000000070d800000, 0x000000070d800000| Untracked 
|  29|0x000000070da00000, 0x000000070da00000, 0x000000070dc00000|  0%| F|  |TAMS 0x000000070da00000, 0x000000070da00000| Untracked 
|  30|0x000000070dc00000, 0x000000070dc00000, 0x000000070de00000|  0%| F|  |TAMS 0x000000070dc00000, 0x000000070dc00000| Untracked 
|  31|0x000000070de00000, 0x000000070de00000, 0x000000070e000000|  0%| F|  |TAMS 0x000000070de00000, 0x000000070de00000| Untracked 
|  32|0x000000070e000000, 0x000000070e000000, 0x000000070e200000|  0%| F|  |TAMS 0x000000070e000000, 0x000000070e000000| Untracked 
|  33|0x000000070e200000, 0x000000070e200000, 0x000000070e400000|  0%| F|  |TAMS 0x000000070e200000, 0x000000070e200000| Untracked 
|  34|0x000000070e400000, 0x000000070e400000, 0x000000070e600000|  0%| F|  |TAMS 0x000000070e400000, 0x000000070e400000| Untracked 
|  35|0x000000070e600000, 0x000000070e600000, 0x000000070e800000|  0%| F|  |TAMS 0x000000070e600000, 0x000000070e600000| Untracked 
|  36|0x000000070e800000, 0x000000070e800000, 0x000000070ea00000|  0%| F|  |TAMS 0x000000070e800000, 0x000000070e800000| Untracked 
|  37|0x000000070ea00000, 0x000000070ea00000, 0x000000070ec00000|  0%| F|  |TAMS 0x000000070ea00000, 0x000000070ea00000| Untracked 
|  38|0x000000070ec00000, 0x000000070ec00000, 0x000000070ee00000|  0%| F|  |TAMS 0x000000070ec00000, 0x000000070ec00000| Untracked 
|  39|0x000000070ee00000, 0x000000070ee00000, 0x000000070f000000|  0%| F|  |TAMS 0x000000070ee00000, 0x000000070ee00000| Untracked 
|  40|0x000000070f000000, 0x000000070f000000, 0x000000070f200000|  0%| F|  |TAMS 0x000000070f000000, 0x000000070f000000| Untracked 
|  41|0x000000070f200000, 0x000000070f200000, 0x000000070f400000|  0%| F|  |TAMS 0x000000070f200000, 0x000000070f200000| Untracked 
|  42|0x000000070f400000, 0x000000070f400000, 0x000000070f600000|  0%| F|  |TAMS 0x000000070f400000, 0x000000070f400000| Untracked 
|  43|0x000000070f600000, 0x000000070f600000, 0x000000070f800000|  0%| F|  |TAMS 0x000000070f600000, 0x000000070f600000| Untracked 
|  44|0x000000070f800000, 0x000000070f800000, 0x000000070fa00000|  0%| F|  |TAMS 0x000000070f800000, 0x000000070f800000| Untracked 
|  45|0x000000070fa00000, 0x000000070fa00000, 0x000000070fc00000|  0%| F|  |TAMS 0x000000070fa00000, 0x000000070fa00000| Untracked 
|  46|0x000000070fc00000, 0x000000070fc00000, 0x000000070fe00000|  0%| F|  |TAMS 0x000000070fc00000, 0x000000070fc00000| Untracked 
|  47|0x000000070fe00000, 0x000000070fe00000, 0x0000000710000000|  0%| F|  |TAMS 0x000000070fe00000, 0x000000070fe00000| Untracked 
|  48|0x0000000710000000, 0x0000000710000000, 0x0000000710200000|  0%| F|  |TAMS 0x0000000710000000, 0x0000000710000000| Untracked 
|  49|0x0000000710200000, 0x0000000710200000, 0x0000000710400000|  0%| F|  |TAMS 0x0000000710200000, 0x0000000710200000| Untracked 
|  50|0x0000000710400000, 0x000000071046e980, 0x0000000710600000| 21%| S|CS|TAMS 0x0000000710400000, 0x0000000710400000| Complete 
|  51|0x0000000710600000, 0x0000000710600000, 0x0000000710800000|  0%| F|  |TAMS 0x0000000710600000, 0x0000000710600000| Untracked 
|  52|0x0000000710800000, 0x0000000710800000, 0x0000000710a00000|  0%| F|  |TAMS 0x0000000710800000, 0x0000000710800000| Untracked 
|  53|0x0000000710a00000, 0x0000000710a00000, 0x0000000710c00000|  0%| F|  |TAMS 0x0000000710a00000, 0x0000000710a00000| Untracked 
|  54|0x0000000710c00000, 0x0000000710c00000, 0x0000000710e00000|  0%| F|  |TAMS 0x0000000710c00000, 0x0000000710c00000| Untracked 
|  55|0x0000000710e00000, 0x0000000710e00000, 0x0000000711000000|  0%| F|  |TAMS 0x0000000710e00000, 0x0000000710e00000| Untracked 
|  56|0x0000000711000000, 0x0000000711000000, 0x0000000711200000|  0%| F|  |TAMS 0x0000000711000000, 0x0000000711000000| Untracked 
|  57|0x0000000711200000, 0x0000000711200000, 0x0000000711400000|  0%| F|  |TAMS 0x0000000711200000, 0x0000000711200000| Untracked 
|  58|0x0000000711400000, 0x0000000711400000, 0x0000000711600000|  0%| F|  |TAMS 0x0000000711400000, 0x0000000711400000| Untracked 
|  59|0x0000000711600000, 0x0000000711600000, 0x0000000711800000|  0%| F|  |TAMS 0x0000000711600000, 0x0000000711600000| Untracked 
|  60|0x0000000711800000, 0x0000000711800000, 0x0000000711a00000|  0%| F|  |TAMS 0x0000000711800000, 0x0000000711800000| Untracked 
|  61|0x0000000711a00000, 0x0000000711a00000, 0x0000000711c00000|  0%| F|  |TAMS 0x0000000711a00000, 0x0000000711a00000| Untracked 
|  62|0x0000000711c00000, 0x0000000711c00000, 0x0000000711e00000|  0%| F|  |TAMS 0x0000000711c00000, 0x0000000711c00000| Untracked 
|  63|0x0000000711e00000, 0x0000000711e00000, 0x0000000712000000|  0%| F|  |TAMS 0x0000000711e00000, 0x0000000711e00000| Untracked 
|  64|0x0000000712000000, 0x0000000712000000, 0x0000000712200000|  0%| F|  |TAMS 0x0000000712000000, 0x0000000712000000| Untracked 
|  65|0x0000000712200000, 0x0000000712200000, 0x0000000712400000|  0%| F|  |TAMS 0x0000000712200000, 0x0000000712200000| Untracked 
|  66|0x0000000712400000, 0x0000000712400000, 0x0000000712600000|  0%| F|  |TAMS 0x0000000712400000, 0x0000000712400000| Untracked 
|  67|0x0000000712600000, 0x0000000712600000, 0x0000000712800000|  0%| F|  |TAMS 0x0000000712600000, 0x0000000712600000| Untracked 
|  68|0x0000000712800000, 0x0000000712800000, 0x0000000712a00000|  0%| F|  |TAMS 0x0000000712800000, 0x0000000712800000| Untracked 
|  69|0x0000000712a00000, 0x0000000712a00000, 0x0000000712c00000|  0%| F|  |TAMS 0x0000000712a00000, 0x0000000712a00000| Untracked 
|  70|0x0000000712c00000, 0x0000000712c00000, 0x0000000712e00000|  0%| F|  |TAMS 0x0000000712c00000, 0x0000000712c00000| Untracked 
|  71|0x0000000712e00000, 0x0000000712e00000, 0x0000000713000000|  0%| F|  |TAMS 0x0000000712e00000, 0x0000000712e00000| Untracked 
|  72|0x0000000713000000, 0x0000000713000000, 0x0000000713200000|  0%| F|  |TAMS 0x0000000713000000, 0x0000000713000000| Untracked 
|  73|0x0000000713200000, 0x0000000713200000, 0x0000000713400000|  0%| F|  |TAMS 0x0000000713200000, 0x0000000713200000| Untracked 
|  74|0x0000000713400000, 0x0000000713400000, 0x0000000713600000|  0%| F|  |TAMS 0x0000000713400000, 0x0000000713400000| Untracked 
|  75|0x0000000713600000, 0x0000000713600000, 0x0000000713800000|  0%| F|  |TAMS 0x0000000713600000, 0x0000000713600000| Untracked 
|  76|0x0000000713800000, 0x0000000713800000, 0x0000000713a00000|  0%| F|  |TAMS 0x0000000713800000, 0x0000000713800000| Untracked 
|  77|0x0000000713a00000, 0x0000000713a00000, 0x0000000713c00000|  0%| F|  |TAMS 0x0000000713a00000, 0x0000000713a00000| Untracked 
|  78|0x0000000713c00000, 0x0000000713c00000, 0x0000000713e00000|  0%| F|  |TAMS 0x0000000713c00000, 0x0000000713c00000| Untracked 
|  79|0x0000000713e00000, 0x0000000713e00000, 0x0000000714000000|  0%| F|  |TAMS 0x0000000713e00000, 0x0000000713e00000| Untracked 
|  80|0x0000000714000000, 0x0000000714000000, 0x0000000714200000|  0%| F|  |TAMS 0x0000000714000000, 0x0000000714000000| Untracked 
|  81|0x0000000714200000, 0x0000000714200000, 0x0000000714400000|  0%| F|  |TAMS 0x0000000714200000, 0x0000000714200000| Untracked 
|  82|0x0000000714400000, 0x0000000714400000, 0x0000000714600000|  0%| F|  |TAMS 0x0000000714400000, 0x0000000714400000| Untracked 
|  83|0x0000000714600000, 0x0000000714774608, 0x0000000714800000| 72%| E|  |TAMS 0x0000000714600000, 0x0000000714600000| Complete 
|  84|0x0000000714800000, 0x0000000714a00000, 0x0000000714a00000|100%| E|CS|TAMS 0x0000000714800000, 0x0000000714800000| Complete 
|  85|0x0000000714a00000, 0x0000000714c00000, 0x0000000714c00000|100%| E|CS|TAMS 0x0000000714a00000, 0x0000000714a00000| Complete 
|  86|0x0000000714c00000, 0x0000000714e00000, 0x0000000714e00000|100%| E|CS|TAMS 0x0000000714c00000, 0x0000000714c00000| Complete 
|  87|0x0000000714e00000, 0x0000000715000000, 0x0000000715000000|100%| E|CS|TAMS 0x0000000714e00000, 0x0000000714e00000| Complete 
|  88|0x0000000715000000, 0x0000000715200000, 0x0000000715200000|100%| E|CS|TAMS 0x0000000715000000, 0x0000000715000000| Complete 
|  89|0x0000000715200000, 0x0000000715400000, 0x0000000715400000|100%| E|CS|TAMS 0x0000000715200000, 0x0000000715200000| Complete 
|  90|0x0000000715400000, 0x0000000715600000, 0x0000000715600000|100%| E|CS|TAMS 0x0000000715400000, 0x0000000715400000| Complete 
|  91|0x0000000715600000, 0x0000000715800000, 0x0000000715800000|100%| E|CS|TAMS 0x0000000715600000, 0x0000000715600000| Complete 
|  92|0x0000000715800000, 0x0000000715a00000, 0x0000000715a00000|100%| E|CS|TAMS 0x0000000715800000, 0x0000000715800000| Complete 
|  93|0x0000000715a00000, 0x0000000715c00000, 0x0000000715c00000|100%| E|CS|TAMS 0x0000000715a00000, 0x0000000715a00000| Complete 
|  94|0x0000000715c00000, 0x0000000715e00000, 0x0000000715e00000|100%| E|CS|TAMS 0x0000000715c00000, 0x0000000715c00000| Complete 
|  95|0x0000000715e00000, 0x0000000716000000, 0x0000000716000000|100%| E|CS|TAMS 0x0000000715e00000, 0x0000000715e00000| Complete 
|  96|0x0000000716000000, 0x0000000716200000, 0x0000000716200000|100%| E|CS|TAMS 0x0000000716000000, 0x0000000716000000| Complete 
|  97|0x0000000716200000, 0x0000000716400000, 0x0000000716400000|100%| E|CS|TAMS 0x0000000716200000, 0x0000000716200000| Complete 
|  98|0x0000000716400000, 0x0000000716600000, 0x0000000716600000|100%| E|CS|TAMS 0x0000000716400000, 0x0000000716400000| Complete 
|  99|0x0000000716600000, 0x0000000716800000, 0x0000000716800000|100%| E|CS|TAMS 0x0000000716600000, 0x0000000716600000| Complete 
| 100|0x0000000716800000, 0x0000000716a00000, 0x0000000716a00000|100%| E|CS|TAMS 0x0000000716800000, 0x0000000716800000| Complete 
| 101|0x0000000716a00000, 0x0000000716c00000, 0x0000000716c00000|100%| E|CS|TAMS 0x0000000716a00000, 0x0000000716a00000| Complete 
| 102|0x0000000716c00000, 0x0000000716e00000, 0x0000000716e00000|100%| E|CS|TAMS 0x0000000716c00000, 0x0000000716c00000| Complete 
| 103|0x0000000716e00000, 0x0000000717000000, 0x0000000717000000|100%| E|CS|TAMS 0x0000000716e00000, 0x0000000716e00000| Complete 
| 104|0x0000000717000000, 0x0000000717200000, 0x0000000717200000|100%| E|CS|TAMS 0x0000000717000000, 0x0000000717000000| Complete 
| 105|0x0000000717200000, 0x0000000717400000, 0x0000000717400000|100%| E|CS|TAMS 0x0000000717200000, 0x0000000717200000| Complete 
| 106|0x0000000717400000, 0x0000000717600000, 0x0000000717600000|100%| E|CS|TAMS 0x0000000717400000, 0x0000000717400000| Complete 
| 107|0x0000000717600000, 0x0000000717800000, 0x0000000717800000|100%| E|CS|TAMS 0x0000000717600000, 0x0000000717600000| Complete 
| 108|0x0000000717800000, 0x0000000717a00000, 0x0000000717a00000|100%| E|CS|TAMS 0x0000000717800000, 0x0000000717800000| Complete 
| 109|0x0000000717a00000, 0x0000000717c00000, 0x0000000717c00000|100%| E|CS|TAMS 0x0000000717a00000, 0x0000000717a00000| Complete 
| 110|0x0000000717c00000, 0x0000000717e00000, 0x0000000717e00000|100%| E|CS|TAMS 0x0000000717c00000, 0x0000000717c00000| Complete 
| 111|0x0000000717e00000, 0x0000000718000000, 0x0000000718000000|100%| E|CS|TAMS 0x0000000717e00000, 0x0000000717e00000| Complete 
| 112|0x0000000718000000, 0x0000000718200000, 0x0000000718200000|100%| E|CS|TAMS 0x0000000718000000, 0x0000000718000000| Complete 
| 113|0x0000000718200000, 0x0000000718400000, 0x0000000718400000|100%| E|CS|TAMS 0x0000000718200000, 0x0000000718200000| Complete 
| 114|0x0000000718400000, 0x0000000718600000, 0x0000000718600000|100%| E|CS|TAMS 0x0000000718400000, 0x0000000718400000| Complete 
| 115|0x0000000718600000, 0x0000000718800000, 0x0000000718800000|100%| E|CS|TAMS 0x0000000718600000, 0x0000000718600000| Complete 
| 116|0x0000000718800000, 0x0000000718a00000, 0x0000000718a00000|100%| E|CS|TAMS 0x0000000718800000, 0x0000000718800000| Complete 
| 117|0x0000000718a00000, 0x0000000718c00000, 0x0000000718c00000|100%| E|CS|TAMS 0x0000000718a00000, 0x0000000718a00000| Complete 
| 118|0x0000000718c00000, 0x0000000718e00000, 0x0000000718e00000|100%| E|CS|TAMS 0x0000000718c00000, 0x0000000718c00000| Complete 
| 119|0x0000000718e00000, 0x0000000719000000, 0x0000000719000000|100%| E|CS|TAMS 0x0000000718e00000, 0x0000000718e00000| Complete 
| 120|0x0000000719000000, 0x0000000719200000, 0x0000000719200000|100%| E|CS|TAMS 0x0000000719000000, 0x0000000719000000| Complete 
| 121|0x0000000719200000, 0x0000000719400000, 0x0000000719400000|100%| E|CS|TAMS 0x0000000719200000, 0x0000000719200000| Complete 
| 122|0x0000000719400000, 0x0000000719600000, 0x0000000719600000|100%| E|CS|TAMS 0x0000000719400000, 0x0000000719400000| Complete 

Card table byte_map: [0x000001a95a410000,0x000001a95abc0000] _byte_map_base: 0x000001a956bc0000

Marking Bits (Prev, Next): (CMBitMap*) 0x000001a942ebd0b0, (CMBitMap*) 0x000001a942ebd0f0
 Prev Bits: [0x000001a95b370000, 0x000001a95f0f0000)
 Next Bits: [0x000001a95f0f0000, 0x000001a962e70000)

Polling page: 0x000001a9411e0000

Metaspace:

Usage:
  Non-class:      7.94 MB used.
      Class:    956.17 KB used.
       Both:      8.88 MB used.

Virtual space:
  Non-class space:       64.00 MB reserved,       8.00 MB ( 12%) committed,  1 nodes.
      Class space:        1.00 GB reserved,       1.00 MB ( <1%) committed,  1 nodes.
             Both:        1.06 GB reserved,       9.00 MB ( <1%) committed. 

Chunk freelists:
   Non-Class:  8.01 MB
       Class:  15.01 MB
        Both:  23.01 MB

MaxMetaspaceSize: unlimited
CompressedClassSpaceSize: 1.00 GB
Initial GC threshold: 21.00 MB
Current GC threshold: 21.00 MB
CDS: on
MetaspaceReclaimPolicy: balanced
 - commit_granule_bytes: 65536.
 - commit_granule_words: 8192.
 - virtual_space_node_default_size: 8388608.
 - enlarge_chunks_in_place: 1.
 - new_chunks_are_fully_committed: 0.
 - uncommit_free_chunks: 1.
 - use_allocation_guard: 0.
 - handle_deallocations: 1.


Internal statistics:

num_allocs_failed_limit: 0.
num_arena_births: 130.
num_arena_deaths: 0.
num_vsnodes_births: 2.
num_vsnodes_deaths: 0.
num_space_committed: 144.
num_space_uncommitted: 0.
num_chunks_returned_to_freelist: 0.
num_chunks_taken_from_freelist: 238.
num_chunk_merges: 0.
num_chunk_splits: 137.
num_chunks_enlarged: 70.
num_inconsistent_stats: 0.

CodeHeap 'non-profiled nmethods': size=120000Kb used=1376Kb max_used=1376Kb free=118623Kb
 bounds [0x000001a9521e0000, 0x000001a952450000, 0x000001a959710000]
CodeHeap 'profiled nmethods': size=120000Kb used=3778Kb max_used=3778Kb free=116221Kb
 bounds [0x000001a94a710000, 0x000001a94aad0000, 0x000001a951c40000]
CodeHeap 'non-nmethods': size=5760Kb used=1248Kb max_used=1299Kb free=4511Kb
 bounds [0x000001a951c40000, 0x000001a951eb0000, 0x000001a9521e0000]
 total_blobs=2553 nmethods=1987 adapters=479
 compilation: enabled
              stopped_count=0, restarted_count=0
 full_count=0

Compilation events (20 events):
Event: 511.834 Thread 0x000001a965571760 1978  s    4       sun.net.www.MessageHeader::findValue (69 bytes)
Event: 511.836 Thread 0x000001a965571760 nmethod 1978 0x000001a95232d090 code [0x000001a95232d240, 0x000001a95232d730]
Event: 511.908 Thread 0x000001a965571760 1979       4       java.awt.image.BufferedImage::<init> (1012 bytes)
Event: 511.918 Thread 0x000001a965571760 nmethod 1979 0x000001a95232da10 code [0x000001a95232dbe0, 0x000001a95232e538]
Event: 515.173 Thread 0x000001a965571760 1980       4       java.lang.ref.Reference::enqueueFromPending (19 bytes)
Event: 515.178 Thread 0x000001a965571760 nmethod 1980 0x000001a95232f090 code [0x000001a95232f240, 0x000001a95232f908]
Event: 515.178 Thread 0x000001a965571760 1981   !   4       java.lang.ref.ReferenceQueue::remove (125 bytes)
Event: 515.182 Thread 0x000001a965571760 nmethod 1981 0x000001a95232fb10 code [0x000001a95232fcc0, 0x000001a952330788]
Event: 523.544 Thread 0x000001a965571760 1982   !   4       sun.awt.image.InputStreamImageSource::setDecoder (92 bytes)
Event: 523.548 Thread 0x000001a965571760 nmethod 1982 0x000001a952330a10 code [0x000001a952330ba0, 0x000001a952331178]
Event: 523.549 Thread 0x000001a965571760 1983  s    4       sun.awt.image.InputStreamImageSource::removeDecoder (58 bytes)
Event: 523.551 Thread 0x000001a965571760 nmethod 1983 0x000001a952331310 code [0x000001a9523314a0, 0x000001a9523318c8]
Event: 523.638 Thread 0x000001a965571760 1984   !   4       sun.awt.image.InputStreamImageSource::doFetch (253 bytes)
Event: 523.669 Thread 0x000001a965571760 nmethod 1984 0x000001a952331a10 code [0x000001a952331d60, 0x000001a952335180]
Event: 523.669 Thread 0x000001a965571760 1985       4       java.util.GregorianCalendar::add (698 bytes)
Event: 523.671 Thread 0x000001a965571760 nmethod 1985 0x000001a952336890 code [0x000001a952336a40, 0x000001a952336dd8]
Event: 523.732 Thread 0x000001a965571760 1986       4       java.awt.image.AreaAveragingScaleFilter::setHints (24 bytes)
Event: 523.733 Thread 0x000001a965571760 nmethod 1986 0x000001a952337310 code [0x000001a9523374a0, 0x000001a952337598]
Event: 545.959 Thread 0x000001a965582530 1987       3       java.io.WinNTFileSystem::resolve (275 bytes)
Event: 547.721 Thread 0x000001a965571760 1988  s    4       java.util.Hashtable::remove (133 bytes)

GC Heap History (20 events):
Event: 74.827 GC heap before
{Heap before GC invocations=3 (full 0):
 garbage-first heap   total 251904K, used 153486K [0x000000070a000000, 0x0000000800000000)
  region size 2048K, 73 young (149504K), 1 survivors (2048K)
 Metaspace       used 9058K, committed 9216K, reserved 1114112K
  class space    used 954K, committed 1024K, reserved 1048576K
}
Event: 74.828 GC heap after
{Heap after GC invocations=4 (full 0):
 garbage-first heap   total 251904K, used 6220K [0x000000070a000000, 0x0000000800000000)
  region size 2048K, 1 young (2048K), 1 survivors (2048K)
 Metaspace       used 9058K, committed 9216K, reserved 1114112K
  class space    used 954K, committed 1024K, reserved 1048576K
}
Event: 124.127 GC heap before
{Heap before GC invocations=4 (full 0):
 garbage-first heap   total 251904K, used 153676K [0x000000070a000000, 0x0000000800000000)
  region size 2048K, 73 young (149504K), 1 survivors (2048K)
 Metaspace       used 9062K, committed 9216K, reserved 1114112K
  class space    used 954K, committed 1024K, reserved 1048576K
}
Event: 124.128 GC heap after
{Heap after GC invocations=5 (full 0):
 garbage-first heap   total 251904K, used 6051K [0x000000070a000000, 0x0000000800000000)
  region size 2048K, 1 young (2048K), 1 survivors (2048K)
 Metaspace       used 9062K, committed 9216K, reserved 1114112K
  class space    used 954K, committed 1024K, reserved 1048576K
}
Event: 171.151 GC heap before
{Heap before GC invocations=5 (full 0):
 garbage-first heap   total 251904K, used 153507K [0x000000070a000000, 0x0000000800000000)
  region size 2048K, 73 young (149504K), 1 survivors (2048K)
 Metaspace       used 9067K, committed 9216K, reserved 1114112K
  class space    used 954K, committed 1024K, reserved 1048576K
}
Event: 171.152 GC heap after
{Heap after GC invocations=6 (full 0):
 garbage-first heap   total 251904K, used 6096K [0x000000070a000000, 0x0000000800000000)
  region size 2048K, 1 young (2048K), 1 survivors (2048K)
 Metaspace       used 9067K, committed 9216K, reserved 1114112K
  class space    used 954K, committed 1024K, reserved 1048576K
}
Event: 220.536 GC heap before
{Heap before GC invocations=6 (full 0):
 garbage-first heap   total 251904K, used 153552K [0x000000070a000000, 0x0000000800000000)
  region size 2048K, 73 young (149504K), 1 survivors (2048K)
 Metaspace       used 9067K, committed 9216K, reserved 1114112K
  class space    used 954K, committed 1024K, reserved 1048576K
}
Event: 220.537 GC heap after
{Heap after GC invocations=7 (full 0):
 garbage-first heap   total 251904K, used 6467K [0x000000070a000000, 0x0000000800000000)
  region size 2048K, 1 young (2048K), 1 survivors (2048K)
 Metaspace       used 9067K, committed 9216K, reserved 1114112K
  class space    used 954K, committed 1024K, reserved 1048576K
}
Event: 270.926 GC heap before
{Heap before GC invocations=7 (full 0):
 garbage-first heap   total 251904K, used 153923K [0x000000070a000000, 0x0000000800000000)
  region size 2048K, 73 young (149504K), 1 survivors (2048K)
 Metaspace       used 9067K, committed 9216K, reserved 1114112K
  class space    used 954K, committed 1024K, reserved 1048576K
}
Event: 270.926 GC heap after
{Heap after GC invocations=8 (full 0):
 garbage-first heap   total 251904K, used 6042K [0x000000070a000000, 0x0000000800000000)
  region size 2048K, 1 young (2048K), 1 survivors (2048K)
 Metaspace       used 9067K, committed 9216K, reserved 1114112K
  class space    used 954K, committed 1024K, reserved 1048576K
}
Event: 318.418 GC heap before
{Heap before GC invocations=8 (full 0):
 garbage-first heap   total 251904K, used 153498K [0x000000070a000000, 0x0000000800000000)
  region size 2048K, 73 young (149504K), 1 survivors (2048K)
 Metaspace       used 9069K, committed 9216K, reserved 1114112K
  class space    used 954K, committed 1024K, reserved 1048576K
}
Event: 318.419 GC heap after
{Heap after GC invocations=9 (full 0):
 garbage-first heap   total 251904K, used 6028K [0x000000070a000000, 0x0000000800000000)
  region size 2048K, 1 young (2048K), 1 survivors (2048K)
 Metaspace       used 9069K, committed 9216K, reserved 1114112K
  class space    used 954K, committed 1024K, reserved 1048576K
}
Event: 368.290 GC heap before
{Heap before GC invocations=9 (full 0):
 garbage-first heap   total 251904K, used 153484K [0x000000070a000000, 0x0000000800000000)
  region size 2048K, 73 young (149504K), 1 survivors (2048K)
 Metaspace       used 9070K, committed 9216K, reserved 1114112K
  class space    used 954K, committed 1024K, reserved 1048576K
}
Event: 368.291 GC heap after
{Heap after GC invocations=10 (full 0):
 garbage-first heap   total 251904K, used 6080K [0x000000070a000000, 0x0000000800000000)
  region size 2048K, 1 young (2048K), 1 survivors (2048K)
 Metaspace       used 9070K, committed 9216K, reserved 1114112K
  class space    used 954K, committed 1024K, reserved 1048576K
}
Event: 418.055 GC heap before
{Heap before GC invocations=10 (full 0):
 garbage-first heap   total 251904K, used 153536K [0x000000070a000000, 0x0000000800000000)
  region size 2048K, 73 young (149504K), 1 survivors (2048K)
 Metaspace       used 9079K, committed 9216K, reserved 1114112K
  class space    used 954K, committed 1024K, reserved 1048576K
}
Event: 418.055 GC heap after
{Heap after GC invocations=11 (full 0):
 garbage-first heap   total 251904K, used 6032K [0x000000070a000000, 0x0000000800000000)
  region size 2048K, 1 young (2048K), 1 survivors (2048K)
 Metaspace       used 9079K, committed 9216K, reserved 1114112K
  class space    used 954K, committed 1024K, reserved 1048576K
}
Event: 465.207 GC heap before
{Heap before GC invocations=11 (full 0):
 garbage-first heap   total 251904K, used 153488K [0x000000070a000000, 0x0000000800000000)
  region size 2048K, 73 young (149504K), 1 survivors (2048K)
 Metaspace       used 9080K, committed 9216K, reserved 1114112K
  class space    used 954K, committed 1024K, reserved 1048576K
}
Event: 465.208 GC heap after
{Heap after GC invocations=12 (full 0):
 garbage-first heap   total 251904K, used 6152K [0x000000070a000000, 0x0000000800000000)
  region size 2048K, 1 young (2048K), 1 survivors (2048K)
 Metaspace       used 9080K, committed 9216K, reserved 1114112K
  class space    used 954K, committed 1024K, reserved 1048576K
}
Event: 515.172 GC heap before
{Heap before GC invocations=12 (full 0):
 garbage-first heap   total 251904K, used 153608K [0x000000070a000000, 0x0000000800000000)
  region size 2048K, 73 young (149504K), 1 survivors (2048K)
 Metaspace       used 9080K, committed 9216K, reserved 1114112K
  class space    used 954K, committed 1024K, reserved 1048576K
}
Event: 515.173 GC heap after
{Heap after GC invocations=13 (full 0):
 garbage-first heap   total 251904K, used 6260K [0x000000070a000000, 0x0000000800000000)
  region size 2048K, 1 young (2048K), 1 survivors (2048K)
 Metaspace       used 9080K, committed 9216K, reserved 1114112K
  class space    used 954K, committed 1024K, reserved 1048576K
}

Deoptimization events (20 events):
Event: 547.721 Thread 0x000001a9ab843020 Uncommon trap: trap_request=0xffffff45 fr.pc=0x000001a95225d598 relative=0x00000000000002b8
Event: 547.721 Thread 0x000001a9ab843020 Uncommon trap: reason=unstable_if action=reinterpret pc=0x000001a95225d598 method=java.awt.ImageMediaEntry.parseflags(I)I @ 4 c2
Event: 547.721 Thread 0x000001a9ab843020 DEOPT PACKING pc=0x000001a95225d598 sp=0x00000079399ff180
Event: 547.721 Thread 0x000001a9ab843020 DEOPT UNPACKING pc=0x000001a951c923a3 sp=0x00000079399fed38 mode 2
Event: 547.721 Thread 0x000001a9ab8a41d0 Uncommon trap: trap_request=0xffffff45 fr.pc=0x000001a9522ecc3c relative=0x0000000000003b7c
Event: 547.721 Thread 0x000001a9ab8a41d0 Uncommon trap: reason=unstable_if action=reinterpret pc=0x000001a9522ecc3c method=java.awt.MediaTracker.waitForID(IJ)Z @ 32 c2
Event: 547.721 Thread 0x000001a9ab8a41d0 DEOPT PACKING pc=0x000001a9522ecc3c sp=0x0000007939cfed60
Event: 547.721 Thread 0x000001a9ab8a41d0 DEOPT UNPACKING pc=0x000001a951c923a3 sp=0x0000007939cfeb18 mode 2
Event: 547.721 Thread 0x000001a9ab8a41d0 Uncommon trap: trap_request=0xffffff45 fr.pc=0x000001a9522b08b4 relative=0x00000000000025b4
Event: 547.721 Thread 0x000001a9ab8a41d0 Uncommon trap: reason=unstable_if action=reinterpret pc=0x000001a9522b08b4 method=sun.awt.image.ToolkitImage.check(Ljava/awt/image/ImageObserver;)I @ 24 c2
Event: 547.721 Thread 0x000001a9ab8a41d0 DEOPT PACKING pc=0x000001a9522b08b4 sp=0x0000007939cfea10
Event: 547.721 Thread 0x000001a9ab8a41d0 DEOPT UNPACKING pc=0x000001a951c923a3 sp=0x0000007939cfe8b0 mode 2
Event: 548.736 Thread 0x000001a9ab8a41d0 Uncommon trap: trap_request=0xffffff45 fr.pc=0x000001a9522cda14 relative=0x00000000000023d4
Event: 548.736 Thread 0x000001a9ab8a41d0 Uncommon trap: reason=unstable_if action=reinterpret pc=0x000001a9522cda14 method=sun.awt.image.ImageFetcher.add(Lsun/awt/image/ImageFetchable;)Z @ 34 c2
Event: 548.736 Thread 0x000001a9ab8a41d0 DEOPT PACKING pc=0x000001a9522cda14 sp=0x0000007939cfeb90
Event: 548.736 Thread 0x000001a9ab8a41d0 DEOPT UNPACKING pc=0x000001a951c923a3 sp=0x0000007939cfe8e0 mode 2
Event: 548.736 Thread 0x000001a9ab8a41d0 Uncommon trap: trap_request=0xffffff45 fr.pc=0x000001a95229df44 relative=0x0000000000000204
Event: 548.736 Thread 0x000001a9ab8a41d0 Uncommon trap: reason=unstable_if action=reinterpret pc=0x000001a95229df44 method=java.security.AccessController.getContext()Ljava/security/AccessControlContext; @ 5 c2
Event: 548.737 Thread 0x000001a9ab8a41d0 DEOPT PACKING pc=0x000001a95229df44 sp=0x0000007939cfe590
Event: 548.737 Thread 0x000001a9ab8a41d0 DEOPT UNPACKING pc=0x000001a951c923a3 sp=0x0000007939cfe538 mode 2

Classes unloaded (0 events):
No events

Classes redefined (0 events):
No events

Internal exceptions (20 events):
Event: 0.224 Thread 0x000001a942e52dc0 Exception <a 'sun/nio/fs/WindowsException'{0x0000000718a374a8}> (0x0000000718a374a8) 
thrown [s\open\src\hotspot\share\prims\jni.cpp, line 516]
Event: 0.224 Thread 0x000001a942e52dc0 Exception <a 'sun/nio/fs/WindowsException'{0x0000000718a37850}> (0x0000000718a37850) 
thrown [s\open\src\hotspot\share\prims\jni.cpp, line 516]
Event: 0.227 Thread 0x000001a942e52dc0 Exception <a 'sun/nio/fs/WindowsException'{0x0000000718a398b0}> (0x0000000718a398b0) 
thrown [s\open\src\hotspot\share\prims\jni.cpp, line 516]
Event: 0.271 Thread 0x000001a942e52dc0 Exception <a 'java/lang/NoSuchMethodError'{0x0000000718afc058}: 'java.lang.Object java.lang.invoke.DirectMethodHandle$Holder.newInvokeSpecial(java.lang.Object, java.lang.Object, int)'> (0x0000000718afc058) 
thrown [s\open\src\hotspot\share\interpreter\linkResolver.cpp, line 759]
Event: 0.278 Thread 0x000001a942e52dc0 Exception <a 'java/lang/ClassNotFoundException'{0x0000000718b0c308}: sun/awt/resources/spi/awtProvider> (0x0000000718b0c308) 
thrown [s\open\src\hotspot\share\classfile\systemDictionary.cpp, line 256]
Event: 0.284 Thread 0x000001a942e52dc0 Exception <a 'java/io/FileNotFoundException'{0x0000000718b3c418}> (0x0000000718b3c418) 
thrown [s\open\src\hotspot\share\prims\jni.cpp, line 516]
Event: 0.287 Thread 0x000001a942e52dc0 Exception <a 'java/io/FileNotFoundException'{0x0000000718b69a10}> (0x0000000718b69a10) 
thrown [s\open\src\hotspot\share\prims\jni.cpp, line 516]
Event: 0.307 Thread 0x000001a942e52dc0 Exception <a 'java/lang/NoSuchMethodError'{0x0000000718babfd8}: 'java.lang.Object java.lang.invoke.DirectMethodHandle$Holder.invokeStaticInit(java.lang.Object)'> (0x0000000718babfd8) 
thrown [s\open\src\hotspot\share\interpreter\linkResolver.cpp, line 759]
Event: 0.396 Thread 0x000001a942e52dc0 Exception <a 'java/lang/NoSuchMethodError'{0x0000000718834b20}: 'void java.lang.invoke.DirectMethodHandle$Holder.invokeSpecial(java.lang.Object, java.lang.Object, java.lang.Object)'> (0x0000000718834b20) 
thrown [s\open\src\hotspot\share\interpreter\linkResolver.cpp, line 759]
Event: 0.400 Thread 0x000001a942e52dc0 Exception <a 'java/lang/NoSuchMethodError'{0x000000071885eb20}: 'java.lang.Object java.lang.invoke.DirectMethodHandle$Holder.newInvokeSpecial(java.lang.Object, java.lang.Object, java.lang.Object, java.lang.Object, java.lang.Object)'> (0x000000071885eb20) 
thrown [s\open\src\hotspot\share\interpreter\linkResolver.cpp, line 759]
Event: 0.401 Thread 0x000001a942e52dc0 Exception <a 'java/lang/NoSuchMethodError'{0x000000071886a4e8}: 'java.lang.Object java.lang.invoke.DirectMethodHandle$Holder.invokeStatic(java.lang.Object, int, java.lang.Object, java.lang.Object, java.lang.Object, java.lang.Object)'> (0x000000071886a4e8) 
thrown [s\open\src\hotspot\share\interpreter\linkResolver.cpp, line 759]
Event: 0.403 Thread 0x000001a942e52dc0 Exception <a 'java/lang/NoSuchMethodError'{0x00000007188902e0}: 'java.lang.Object java.lang.invoke.DirectMethodHandle$Holder.invokeStatic(java.lang.Object, int, java.lang.Object)'> (0x00000007188902e0) 
thrown [s\open\src\hotspot\share\interpreter\linkResolver.cpp, line 759]
Event: 0.417 Thread 0x000001a942e52dc0 Exception <a 'java/lang/ClassNotFoundException'{0x000000071894af88}: com/sun/swing/internal/plaf/metal/resources/spi/metalProvider> (0x000000071894af88) 
thrown [s\open\src\hotspot\share\classfile\systemDictionary.cpp, line 256]
Event: 0.418 Thread 0x000001a942e52dc0 Exception <a 'java/lang/ClassNotFoundException'{0x000000071894ee00}: com/sun/swing/internal/plaf/basic/resources/spi/basicProvider> (0x000000071894ee00) 
thrown [s\open\src\hotspot\share\classfile\systemDictionary.cpp, line 256]
Event: 0.427 Thread 0x000001a9ab843020 Implicit null exception at 0x000001a952208372 to 0x000001a95220894c
Event: 0.427 Thread 0x000001a9ab843020 Implicit null exception at 0x000001a952209472 to 0x000001a952209a60
Event: 0.436 Thread 0x000001a9ab843020 Exception <a 'java/lang/NoSuchMethodError'{0x000000071866dcd0}: 'java.lang.Object java.lang.invoke.DirectMethodHandle$Holder.newInvokeSpecial(java.lang.Object, java.lang.Object, java.lang.Object, int, int, int, int, int)'> (0x000000071866dcd0) 
thrown [s\open\src\hotspot\share\interpreter\linkResolver.cpp, line 759]
Event: 0.453 Thread 0x000001a942e52dc0 Exception <a 'java/lang/NoSuchMethodError'{0x0000000718969be8}: 'void java.lang.invoke.DirectMethodHandle$Holder.invokeStatic(java.lang.Object, java.lang.Object, java.lang.Object)'> (0x0000000718969be8) 
thrown [s\open\src\hotspot\share\interpreter\linkResolver.cpp, line 759]
Event: 547.721 Thread 0x000001a9ab843020 Exception <a 'java/lang/OutOfMemoryError'{0x000000071498ec50}> (0x000000071498ec50) 
thrown [s\open\src\hotspot\share\prims\jni.cpp, line 535]
Event: 548.736 Thread 0x000001a9ab8a41d0 Implicit null exception at 0x000001a95229dd58 to 0x000001a95229df36

VM Operations (20 events):
Event: 429.208 Executing VM operation: Cleanup
Event: 429.208 Executing VM operation: Cleanup done
Event: 443.336 Executing VM operation: Cleanup
Event: 443.336 Executing VM operation: Cleanup done
Event: 465.207 Executing VM operation: G1CollectForAllocation
Event: 465.208 Executing VM operation: G1CollectForAllocation done
Event: 481.298 Executing VM operation: HandshakeAllThreads
Event: 481.298 Executing VM operation: HandshakeAllThreads done
Event: 499.458 Executing VM operation: Cleanup
Event: 499.458 Executing VM operation: Cleanup done
Event: 500.462 Executing VM operation: Cleanup
Event: 500.462 Executing VM operation: Cleanup done
Event: 512.556 Executing VM operation: Cleanup
Event: 512.556 Executing VM operation: Cleanup done
Event: 515.172 Executing VM operation: G1CollectForAllocation
Event: 515.173 Executing VM operation: G1CollectForAllocation done
Event: 524.235 Executing VM operation: Cleanup
Event: 524.235 Executing VM operation: Cleanup done
Event: 541.436 Executing VM operation: HandshakeAllThreads
Event: 541.436 Executing VM operation: HandshakeAllThreads done

Events (20 events):
Event: 0.545 loading class java/awt/image/AreaAveragingScaleFilter
Event: 0.545 loading class java/awt/image/ReplicateScaleFilter
Event: 0.545 loading class java/awt/image/ImageFilter
Event: 0.546 loading class java/awt/image/ImageFilter done
Event: 0.546 loading class java/awt/image/ReplicateScaleFilter done
Event: 0.546 loading class java/awt/image/AreaAveragingScaleFilter done
Event: 0.546 loading class java/awt/image/FilteredImageSource
Event: 0.546 loading class java/awt/image/FilteredImageSource done
Event: 0.554 Thread 0x000001a965cd28a0 Thread added: 0x000001a965cd28a0
Event: 0.825 Thread 0x000001a965cd28a0 Thread exited: 0x000001a965cd28a0
Event: 0.825 Thread 0x000001a9b19dd010 Thread exited: 0x000001a9b19dd010
Event: 442.412 loading class java/security/DomainCombiner
Event: 442.412 loading class java/security/DomainCombiner done
Event: 547.721 loading class java/util/zip/DataFormatException
Event: 547.721 loading class java/util/zip/DataFormatException done
Event: 547.721 loading class sun/awt/image/ImageFormatException
Event: 547.721 loading class sun/awt/image/ImageFormatException done
Event: 548.736 loading class java/lang/StackTraceElement$HashedModules
Event: 548.736 loading class java/lang/StackTraceElement$HashedModules done
Event: 550.751 Thread 0x000001a9ab8a2d90 Thread added: 0x000001a9ab8a2d90


Dynamic libraries:
0x00007ff7e8d50000 - 0x00007ff7e8d60000 	C:\Program Files\Java\jdk-17\bin\java.exe
0x00007ffe50240000 - 0x00007ffe504a7000 	C:\WINDOWS\SYSTEM32\ntdll.dll
0x00007ffe4e5d0000 - 0x00007ffe4e699000 	C:\WINDOWS\System32\KERNEL32.DLL
0x00007ffe4cc70000 - 0x00007ffe4d061000 	C:\WINDOWS\System32\KERNELBASE.dll
0x00007ffe4cb20000 - 0x00007ffe4cc6b000 	C:\WINDOWS\System32\ucrtbase.dll
0x00007ffe25c10000 - 0x00007ffe25c29000 	C:\Program Files\Java\jdk-17\bin\jli.dll
0x00007ffe48450000 - 0x00007ffe4846b000 	C:\Program Files\Java\jdk-17\bin\VCRUNTIME140.dll
0x00007ffe4f9c0000 - 0x00007ffe4fa7b000 	C:\WINDOWS\System32\ADVAPI32.dll
0x00007ffe4e3c0000 - 0x00007ffe4e469000 	C:\WINDOWS\System32\msvcrt.dll
0x00007ffe4f6c0000 - 0x00007ffe4f767000 	C:\WINDOWS\System32\sechost.dll
0x00007ffe4f770000 - 0x00007ffe4f888000 	C:\WINDOWS\System32\RPCRT4.dll
0x00007ffe4f4f0000 - 0x00007ffe4f6b5000 	C:\WINDOWS\System32\USER32.dll
0x00007ffe4dc50000 - 0x00007ffe4dc77000 	C:\WINDOWS\System32\win32u.dll
0x00007ffe3f270000 - 0x00007ffe3f503000 	C:\WINDOWS\WinSxS\amd64_microsoft.windows.common-controls_6595b64144ccf1df_6.0.26100.8037_none_3e092faae333b53b\COMCTL32.dll
0x00007ffe4f1e0000 - 0x00007ffe4f20b000 	C:\WINDOWS\System32\GDI32.dll
0x00007ffe4deb0000 - 0x00007ffe4dfdb000 	C:\WINDOWS\System32\gdi32full.dll
0x00007ffe4d990000 - 0x00007ffe4da33000 	C:\WINDOWS\System32\msvcp_win.dll
0x00007ffe44bb0000 - 0x00007ffe44bbb000 	C:\WINDOWS\SYSTEM32\VERSION.dll
0x00007ffe4e6a0000 - 0x00007ffe4e6d1000 	C:\WINDOWS\System32\IMM32.DLL
0x00007ffe39340000 - 0x00007ffe3934c000 	C:\Program Files\Java\jdk-17\bin\vcruntime140_1.dll
0x00007ffdcfbb0000 - 0x00007ffdcfc3e000 	C:\Program Files\Java\jdk-17\bin\msvcp140.dll
0x00007ffdb16d0000 - 0x00007ffdb22b0000 	C:\Program Files\Java\jdk-17\bin\server\jvm.dll
0x00007ffe501f0000 - 0x00007ffe501f8000 	C:\WINDOWS\System32\PSAPI.DLL
0x00007ffe47eb0000 - 0x00007ffe47eba000 	C:\WINDOWS\SYSTEM32\WSOCK32.dll
0x00007ffe44b70000 - 0x00007ffe44ba5000 	C:\WINDOWS\SYSTEM32\WINMM.dll
0x00007ffe4f8a0000 - 0x00007ffe4f914000 	C:\WINDOWS\System32\WS2_32.dll
0x00007ffe4b8b0000 - 0x00007ffe4b8cb000 	C:\WINDOWS\SYSTEM32\kernel.appcore.dll
0x00007ffe33850000 - 0x00007ffe3385a000 	C:\Program Files\Java\jdk-17\bin\jimage.dll
0x00007ffe4ad30000 - 0x00007ffe4af72000 	C:\WINDOWS\SYSTEM32\DBGHELP.DLL
0x00007ffe4ed10000 - 0x00007ffe4f092000 	C:\WINDOWS\System32\combase.dll
0x00007ffe4f100000 - 0x00007ffe4f1d7000 	C:\WINDOWS\System32\OLEAUT32.dll
0x00007ffe3c030000 - 0x00007ffe3c06b000 	C:\WINDOWS\SYSTEM32\dbgcore.DLL
0x00007ffe4d070000 - 0x00007ffe4d115000 	C:\WINDOWS\System32\bcryptPrimitives.dll
0x00007ffe27290000 - 0x00007ffe272b5000 	C:\Program Files\Java\jdk-17\bin\java.dll
0x00007ffdd7e70000 - 0x00007ffdd7f47000 	C:\Program Files\Java\jdk-17\bin\jsvml.dll
0x00007ffe4fa80000 - 0x00007ffe501df000 	C:\WINDOWS\System32\SHELL32.dll
0x00007ffe4dd40000 - 0x00007ffe4deaa000 	C:\WINDOWS\System32\wintypes.dll
0x00007ffe4d120000 - 0x00007ffe4d984000 	C:\WINDOWS\System32\windows.storage.dll
0x00007ffe4f210000 - 0x00007ffe4f307000 	C:\WINDOWS\System32\SHCORE.dll
0x00007ffe4e290000 - 0x00007ffe4e2f7000 	C:\WINDOWS\System32\shlwapi.dll
0x00007ffe4ca40000 - 0x00007ffe4ca69000 	C:\WINDOWS\SYSTEM32\profapi.dll
0x00007ffe25bd0000 - 0x00007ffe25be9000 	C:\Program Files\Java\jdk-17\bin\net.dll
0x00007ffe46270000 - 0x00007ffe46397000 	C:\WINDOWS\SYSTEM32\WINHTTP.dll
0x00007ffe4be20000 - 0x00007ffe4be8b000 	C:\WINDOWS\system32\mswsock.dll
0x00007ffe25bb0000 - 0x00007ffe25bc6000 	C:\Program Files\Java\jdk-17\bin\nio.dll
0x00007ffe25bf0000 - 0x00007ffe25c08000 	C:\Program Files\Java\jdk-17\bin\zip.dll
0x00007ffe2e350000 - 0x00007ffe2e360000 	C:\Program Files\Java\jdk-17\bin\verify.dll
0x00007ffe4c110000 - 0x00007ffe4c12b000 	C:\WINDOWS\SYSTEM32\CRYPTSP.dll
0x00007ffe4b810000 - 0x00007ffe4b849000 	C:\WINDOWS\system32\rsaenh.dll
0x00007ffe4bed0000 - 0x00007ffe4bf02000 	C:\WINDOWS\SYSTEM32\USERENV.dll
0x00007ffe4ca10000 - 0x00007ffe4ca3a000 	C:\WINDOWS\SYSTEM32\bcrypt.dll
0x00007ffe4c100000 - 0x00007ffe4c10c000 	C:\WINDOWS\SYSTEM32\CRYPTBASE.dll
0x00007ffe4b2c0000 - 0x00007ffe4b2f3000 	C:\WINDOWS\SYSTEM32\IPHLPAPI.DLL
0x00007ffe4f890000 - 0x00007ffe4f89a000 	C:\WINDOWS\System32\NSI.dll
0x00007ffe45a60000 - 0x00007ffe45a7d000 	C:\WINDOWS\SYSTEM32\dhcpcsvc6.DLL
0x00007ffe457e0000 - 0x00007ffe45803000 	C:\WINDOWS\SYSTEM32\dhcpcsvc.DLL
0x00007ffe4b350000 - 0x00007ffe4b47a000 	C:\WINDOWS\SYSTEM32\DNSAPI.dll
0x00007ffdd85c0000 - 0x00007ffdd86b5000 	C:\Users\user\AppData\Local\Temp\sqlite-3.45.3.0-53d3d03e-a1af-4f21-a42d-f7b2f3e2917a-sqlitejdbc.dll
0x00007ffdb1530000 - 0x00007ffdb16c1000 	C:\Program Files\Java\jdk-17\bin\awt.dll
0x00007ffe4a230000 - 0x00007ffe4a2cf000 	C:\WINDOWS\SYSTEM32\apphelp.dll
0x00007ffe4a5b0000 - 0x00007ffe4a5de000 	C:\WINDOWS\system32\DWMAPI.DLL
0x00007ffe4a310000 - 0x00007ffe4a3ba000 	C:\WINDOWS\system32\uxtheme.dll
0x00007ffdba110000 - 0x00007ffdba21e000 	C:\WINDOWS\system32\opengl32.dll
0x00007ffdc3e60000 - 0x00007ffdc3e8d000 	C:\WINDOWS\SYSTEM32\GLU32.dll
0x00007ffe4a3f0000 - 0x00007ffe4a433000 	C:\WINDOWS\SYSTEM32\dxcore.dll
0x00007ffe4e470000 - 0x00007ffe4e5cd000 	C:\WINDOWS\System32\MSCTF.dll
0x00007ffe4e6e0000 - 0x00007ffe4e875000 	C:\WINDOWS\System32\ole32.dll
0x00007ffdc3e90000 - 0x00007ffdc4042000 	C:\WINDOWS\system32\d3d9.dll
0x00007ffe44bc0000 - 0x00007ffe44d7b000 	C:\WINDOWS\System32\DriverStore\FileRepository\u0415181.inf_amd64_03893b4dd00b5407\B413472\aticfx64.dll
0x00007ffe32600000 - 0x00007ffe32634000 	C:\WINDOWS\System32\DriverStore\FileRepository\u0415181.inf_amd64_03893b4dd00b5407\B413472\atiu9p64.dll
0x00007ffda71a0000 - 0x00007ffda7ee7000 	C:\WINDOWS\System32\DriverStore\FileRepository\u0415181.inf_amd64_03893b4dd00b5407\B413472\atiumd64.dll
0x000000005df20000 - 0x000000005ee33000 	C:\WINDOWS\System32\DriverStore\FileRepository\u0415181.inf_amd64_03893b4dd00b5407\B413472\atiumd6a.dll
0x00007ffe4e880000 - 0x00007ffe4ed07000 	C:\WINDOWS\System32\SETUPAPI.dll
0x00007ffe4c980000 - 0x00007ffe4c9de000 	C:\WINDOWS\SYSTEM32\POWRPROF.dll
0x00007ffe4c960000 - 0x00007ffe4c974000 	C:\WINDOWS\SYSTEM32\UMPDC.dll
0x00007ffe42a10000 - 0x00007ffe42a45000 	C:\WINDOWS\SYSTEM32\amdihk64.dll
0x00007ffe45710000 - 0x00007ffe45770000 	C:\WINDOWS\SYSTEM32\directxdatabasehelper.dll

dbghelp: loaded successfully - version: 4.0.5 - missing functions: none
symbol engine: initialized successfully - sym options: 0x614 - pdb path: .;C:\Program Files\Java\jdk-17\bin;C:\WINDOWS\SYSTEM32;C:\WINDOWS\WinSxS\amd64_microsoft.windows.common-controls_6595b64144ccf1df_6.0.26100.8037_none_3e092faae333b53b;C:\Program Files\Java\jdk-17\bin\server;C:\Users\user\AppData\Local\Temp;C:\WINDOWS\System32\DriverStore\FileRepository\u0415181.inf_amd64_03893b4dd00b5407\B413472

VM Arguments:
java_command: DAO.main
java_class_path (initial): C:\Users\user\Desktop\Facturacion2\facturacion-main(1)\facturacion-main\target\classes;C:\Users\user\.m2\repository\org\apache\poi\poi\5.2.3\poi-5.2.3.jar;C:\Users\user\.m2\repository\commons-codec\commons-codec\1.15\commons-codec-1.15.jar;C:\Users\user\.m2\repository\org\apache\commons\commons-collections4\4.4\commons-collections4-4.4.jar;C:\Users\user\.m2\repository\org\apache\commons\commons-math3\3.6.1\commons-math3-3.6.1.jar;C:\Users\user\.m2\repository\commons-io\commons-io\2.11.0\commons-io-2.11.0.jar;C:\Users\user\.m2\repository\com\zaxxer\SparseBitSet\1.2\SparseBitSet-1.2.jar;C:\Users\user\.m2\repository\org\apache\poi\poi-ooxml\5.2.3\poi-ooxml-5.2.3.jar;C:\Users\user\.m2\repository\org\apache\poi\poi-ooxml-lite\5.2.3\poi-ooxml-lite-5.2.3.jar;C:\Users\user\.m2\repository\org\apache\xmlbeans\xmlbeans\5.1.1\xmlbeans-5.1.1.jar;C:\Users\user\.m2\repository\org\apache\commons\commons-compress\1.21\commons-compress-1.21.jar;C:\Users\user\.m2\repository\com\github\virtuald\curvesapi\1.07\curvesapi-1.07.jar;C:\Users\user\.m2\repository\org\apache\logging\log4j\log4j-api\2.18.0\log4j-api-2.18.0.jar;C:\Users\user\.m2\repository\com\sun\mail\jakarta.mail\2.0.1\jakarta.mail-2.0.1.jar;C:\Users\user\.m2\repository\com\sun\activation\jakarta.activation\2.0.1\jakarta.activation-2.0.1.jar;C:\Users\user\.m2\repository\com\mysql\mysql-connector-j\8.3.0\mysql-connector-j-8.3.0.jar;C:\Users\user\.m2\repository\com\google\protobuf\protobuf-java\3.25.1\protobuf-java-3.25.1.jar;C:\Users\user\.m2\repository\org\xerial\sqlite-jdbc\3.45.3.0\sqlite-jdbc-3.45.3.0.jar;C:\Users\user\.m2\repository\org\slf4j\slf4j-api\1.7.36\slf4j-api-1.7.36.jar;C:\Users\user\.m2\repository\com\github\librepdf\openpdf\1.3.30\openpdf-1.3.30.jar;C:\Users\user\.m2\repository\com\google\code\findbugs\jsr305\3.0.2\jsr305-3.0.2.jar;C:\Users\user\.m2\repository\org\json\json\20180813\json-20180813.jar;C:\Users\user\.m2\repository\com\toedter\jcalendar\1.4\jcalendar-1.4.jar;C:\Users\u
Launcher Type: SUN_STANDARD

[Global flags]
     intx CICompilerCount                          = 4                                         {product} {ergonomic}
     uint ConcGCThreads                            = 3                                         {product} {ergonomic}
     uint G1ConcRefinementThreads                  = 10                                        {product} {ergonomic}
   size_t G1HeapRegionSize                         = 2097152                                   {product} {ergonomic}
    uintx GCDrainStackTargetSize                   = 64                                        {product} {ergonomic}
   size_t InitialHeapSize                          = 257949696                                 {product} {ergonomic}
   size_t MarkStackSize                            = 4194304                                   {product} {ergonomic}
   size_t MaxHeapSize                              = 4127195136                                {product} {ergonomic}
   size_t MaxNewSize                               = 2474639360                                {product} {ergonomic}
   size_t MinHeapDeltaBytes                        = 2097152                                   {product} {ergonomic}
   size_t MinHeapSize                              = 8388608                                   {product} {ergonomic}
    uintx NonNMethodCodeHeapSize                   = 5839372                                {pd product} {ergonomic}
    uintx NonProfiledCodeHeapSize                  = 122909434                              {pd product} {ergonomic}
    uintx ProfiledCodeHeapSize                     = 122909434                              {pd product} {ergonomic}
    uintx ReservedCodeCacheSize                    = 251658240                              {pd product} {ergonomic}
     bool SegmentedCodeCache                       = true                                      {product} {ergonomic}
   size_t SoftMaxHeapSize                          = 4127195136                             {manageable} {ergonomic}
     bool UseCompressedClassPointers               = true                           {product lp64_product} {ergonomic}
     bool UseCompressedOops                        = true                           {product lp64_product} {ergonomic}
     bool UseG1GC                                  = true                                      {product} {ergonomic}
     bool UseLargePagesIndividualAllocation        = false                                  {pd product} {ergonomic}

Logging:
Log output configuration:
 #0: stdout all=warning uptime,level,tags
 #1: stderr all=off uptime,level,tags

Environment Variables:
JAVA_HOME=C:\Program Files\Java\jdk-17
PATH=C:\Program Files\Common Files\Oracle\Java\javapath;C:\ProgramData\Oracle\Java\javapath;C:\WINDOWS\system32;C:\WINDOWS;C:\WINDOWS\System32\Wbem;C:\WINDOWS\System32\WindowsPowerShell\v1.0\;C:\WINDOWS\System32\OpenSSH\;D:\instalaciones\Git\cmd;D:\instalaciones\node\;C:\Program Files\Java\apache-maven-3.9.4\bin;%JAVA HOME%\bin;C:\Program Files\Java\jdk1.8.0_111\bin;C:\Program Files\Java\jre-1.8\bin;C:\Program Files\dotnet\;D:\Instalaciones 2\XAMMP\php;C:\Users\user\AppData\Local\Microsoft\WindowsApps;D:\instalaciones\Microsoft VS Code\bin;C:\Users\user\AppData\Roaming\npm;C:\Users\user\AppData\Local\GitHubDesktop\bin;;C:\Program Files\Java\netbeans\bin\
USERNAME=user
OS=Windows_NT
PROCESSOR_IDENTIFIER=AMD64 Family 25 Model 80 Stepping 0, AuthenticAMD



---------------  S Y S T E M  ---------------

OS:
 Windows 11 , 64 bit Build 26100 (10.0.26100.7920)
OS uptime: 1 days 2:38 hours

CPU: total 12 (initial active 12) (12 cores per cpu, 2 threads per core) family 25 model 80 stepping 0 microcode 0xa50000d, cx8, cmov, fxsr, ht, mmx, 3dnowpref, sse, sse2, sse3, ssse3, sse4a, sse4.1, sse4.2, popcnt, lzcnt, tsc, tscinvbit, avx, avx2, aes, erms, clmul, bmi1, bmi2, adx, sha, fma, vzeroupper, clflush, clflushopt

Memory: 4k page, system-wide physical 15740M (7807M free)
TotalPageFile size 17788M (AvailPageFile size 0M)
current process WorkingSet (physical memory assigned to process): 242M, peak: 267M
current process commit charge ("private bytes"): 388M, peak: 416M

vm_info: Java HotSpot(TM) 64-Bit Server VM (17.0.12+8-LTS-286) for windows-amd64 JRE (17.0.12+8-LTS-286), built on Jun  5 2024 06:46:59 by "mach5one" with MS VC++ 17.6 (VS2022)

END.
